<?xml version="1.0" encoding="UTF-8"?>
<coverage generated="1789800903561" clover="3.2.0">
  <project timestamp="1789800903561" name="All files">
    <metrics statements="162" coveredstatements="161" conditionals="121" coveredconditionals="117" methods="56" coveredmethods="55" elements="339" coveredelements="333" complexity="0" loc="162" ncloc="162" packages="5" files="13" classes="13"/>
    <package name="components">
      <metrics statements="3" coveredstatements="3" conditionals="5" coveredconditionals="5" methods="2" coveredmethods="2"/>
      <file name="StepBar.tsx" path="/Users/jbethuel/Documents/personal/shouldi/apps/extension/components/StepBar.tsx">
        <metrics statements="3" coveredstatements="3" conditionals="5" coveredconditionals="5" methods="2" coveredmethods="2"/>
        <line num="1" count="1" type="stmt"/>
        <line num="5" count="18" type="stmt"/>
        <line num="8" count="90" type="cond" truecount="2" falsecount="0"/>
      </file>
    </package>
    <package name="entrypoints">
      <metrics statements="10" coveredstatements="10" conditionals="11" coveredconditionals="10" methods="4" coveredmethods="4"/>
      <file name="background.ts" path="/Users/jbethuel/Documents/personal/shouldi/apps/extension/entrypoints/background.ts">
        <metrics statements="2" coveredstatements="2" conditionals="2" coveredconditionals="2" methods="2" coveredmethods="2"/>
        <line num="6" count="2" type="stmt"/>
        <line num="7" count="2" type="cond" truecount="2" falsecount="0"/>
      </file>
      <file name="extract.ts" path="/Users/jbethuel/Documents/personal/shouldi/apps/extension/entrypoints/extract.ts">
        <metrics statements="8" coveredstatements="8" conditionals="9" coveredconditionals="8" methods="2" coveredmethods="2"/>
        <line num="8" count="1" type="stmt"/>
        <line num="11" count="6" type="cond" truecount="1" falsecount="1"/>
        <line num="12" count="6" type="cond" truecount="2" falsecount="0"/>
        <line num="13" count="1" type="stmt"/>
        <line num="15" count="5" type="stmt"/>
        <line num="16" count="5" type="cond" truecount="3" falsecount="0"/>
        <line num="17" count="6" type="cond" truecount="2" falsecount="0"/>
        <line num="21" count="6" type="stmt"/>
      </file>
    </package>
    <package name="entrypoints.options">
      <metrics statements="42" coveredstatements="42" conditionals="23" coveredconditionals="22" methods="17" coveredmethods="17"/>
      <file name="App.tsx" path="/Users/jbethuel/Documents/personal/shouldi/apps/extension/entrypoints/options/App.tsx">
        <metrics statements="42" coveredstatements="42" conditionals="23" coveredconditionals="22" methods="17" coveredmethods="17"/>
        <line num="8" count="1" type="cond" truecount="2" falsecount="0"/>
        <line num="13" count="56" type="stmt"/>
        <line num="14" count="56" type="stmt"/>
        <line num="15" count="56" type="stmt"/>
        <line num="16" count="56" type="stmt"/>
        <line num="18" count="56" type="stmt"/>
        <line num="19" count="9" type="stmt"/>
        <line num="20" count="9" type="stmt"/>
        <line num="21" count="9" type="stmt"/>
        <line num="25" count="56" type="cond" truecount="2" falsecount="0"/>
        <line num="26" count="56" type="stmt"/>
        <line num="27" count="45" type="stmt"/>
        <line num="32" count="2" type="stmt"/>
        <line num="33" count="2" type="stmt"/>
        <line num="34" count="2" type="cond" truecount="1" falsecount="1"/>
        <line num="35" count="2" type="stmt"/>
        <line num="36" count="2" type="stmt"/>
        <line num="37" count="2" type="stmt"/>
        <line num="38" count="2" type="cond" truecount="2" falsecount="0"/>
        <line num="39" count="1" type="stmt"/>
        <line num="40" count="1" type="stmt"/>
        <line num="42" count="1" type="stmt"/>
        <line num="50" count="1" type="stmt"/>
        <line num="51" count="1" type="stmt"/>
        <line num="52" count="1" type="stmt"/>
        <line num="53" count="1" type="stmt"/>
        <line num="54" count="1" type="stmt"/>
        <line num="58" count="1" type="stmt"/>
        <line num="59" count="1" type="stmt"/>
        <line num="60" count="1" type="stmt"/>
        <line num="61" count="1" type="stmt"/>
        <line num="62" count="1" type="stmt"/>
        <line num="63" count="1" type="stmt"/>
        <line num="66" count="56" type="stmt"/>
        <line num="68" count="56" type="stmt"/>
        <line num="89" count="2" type="stmt"/>
        <line num="99" count="19" type="stmt"/>
        <line num="116" count="10" type="stmt"/>
        <line num="121" count="1" type="stmt"/>
        <line num="138" count="1" type="stmt"/>
        <line num="141" count="1" type="stmt"/>
        <line num="146" count="2" type="stmt"/>
      </file>
      <file name="options.css" path="/Users/jbethuel/Documents/personal/shouldi/apps/extension/entrypoints/options/options.css">
        <metrics statements="0" coveredstatements="0" conditionals="0" coveredconditionals="0" methods="0" coveredmethods="0"/>
      </file>
    </package>
    <package name="entrypoints.popup">
      <metrics statements="33" coveredstatements="32" conditionals="39" coveredconditionals="39" methods="13" coveredmethods="12"/>
      <file name="App.tsx" path="/Users/jbethuel/Documents/personal/shouldi/apps/extension/entrypoints/popup/App.tsx">
        <metrics statements="33" coveredstatements="32" conditionals="39" coveredconditionals="39" methods="13" coveredmethods="12"/>
        <line num="12" count="1" type="stmt"/>
        <line num="23" count="33" type="stmt"/>
        <line num="25" count="33" type="stmt"/>
        <line num="26" count="11" type="stmt"/>
        <line num="27" count="11" type="stmt"/>
        <line num="28" count="11" type="cond" truecount="2" falsecount="0"/>
        <line num="30" count="10" type="stmt"/>
        <line num="31" count="10" type="cond" truecount="2" falsecount="0"/>
        <line num="32" count="9" type="cond" truecount="2" falsecount="0"/>
        <line num="34" count="8" type="stmt"/>
        <line num="35" count="8" type="cond" truecount="2" falsecount="0"/>
        <line num="39" count="33" type="stmt"/>
        <line num="40" count="6" type="stmt"/>
        <line num="41" count="6" type="stmt"/>
        <line num="42" count="6" type="stmt"/>
        <line num="43" count="6" type="stmt"/>
        <line num="44" count="6" type="cond" truecount="2" falsecount="0"/>
        <line num="45" count="5" type="stmt"/>
        <line num="46" count="5" type="stmt"/>
        <line num="49" count="33" type="stmt"/>
        <line num="51" count="1" type="stmt"/>
        <line num="52" count="1" type="stmt"/>
        <line num="57" count="33" type="stmt"/>
        <line num="61" count="0" type="stmt"/>
        <line num="71" count="1" type="stmt"/>
        <line num="78" count="4" type="stmt"/>
        <line num="83" count="1" type="stmt"/>
        <line num="89" count="1" type="stmt"/>
        <line num="97" count="11" type="stmt"/>
        <line num="117" count="7" type="cond" truecount="2" falsecount="0"/>
        <line num="118" count="1" type="stmt"/>
        <line num="124" count="6" type="stmt"/>
        <line num="132" count="18" type="cond" truecount="2" falsecount="0"/>
      </file>
      <file name="popup.css" path="/Users/jbethuel/Documents/personal/shouldi/apps/extension/entrypoints/popup/popup.css">
        <metrics statements="0" coveredstatements="0" conditionals="0" coveredconditionals="0" methods="0" coveredmethods="0"/>
      </file>
    </package>
    <package name="lib">
      <metrics statements="74" coveredstatements="74" conditionals="43" coveredconditionals="41" methods="20" coveredmethods="20"/>
      <file name="api.ts" path="/Users/jbethuel/Documents/personal/shouldi/apps/extension/lib/api.ts">
        <metrics statements="14" coveredstatements="14" conditionals="14" coveredconditionals="14" methods="4" coveredmethods="4"/>
        <line num="11" count="1" type="cond" truecount="2" falsecount="0"/>
        <line num="17" count="3" type="stmt"/>
        <line num="18" count="3" type="stmt"/>
        <line num="24" count="1" type="stmt"/>
        <line num="26" count="2" type="stmt"/>
        <line num="31" count="9" type="cond" truecount="4" falsecount="0"/>
        <line num="32" count="3" type="stmt"/>
        <line num="33" count="3" type="cond" truecount="2" falsecount="0"/>
        <line num="35" count="6" type="stmt"/>
        <line num="36" count="6" type="cond" truecount="2" falsecount="0"/>
        <line num="37" count="3" type="stmt"/>
        <line num="38" count="3" type="cond" truecount="2" falsecount="0"/>
        <line num="41" count="3" type="cond" truecount="2" falsecount="0"/>
        <line num="45" count="5" type="stmt"/>
      </file>
      <file name="messages.ts" path="/Users/jbethuel/Documents/personal/shouldi/apps/extension/lib/messages.ts">
        <metrics statements="2" coveredstatements="2" conditionals="0" coveredconditionals="0" methods="0" coveredmethods="0"/>
        <line num="3" count="4" type="stmt"/>
        <line num="13" count="4" type="stmt"/>
      </file>
      <file name="page.ts" path="/Users/jbethuel/Documents/personal/shouldi/apps/extension/lib/page.ts">
        <metrics statements="9" coveredstatements="9" conditionals="6" coveredconditionals="6" methods="1" coveredmethods="1"/>
        <line num="19" count="5" type="stmt"/>
        <line num="20" count="5" type="cond" truecount="2" falsecount="0"/>
        <line num="21" count="4" type="stmt"/>
        <line num="22" count="4" type="stmt"/>
        <line num="26" count="3" type="stmt"/>
        <line num="27" count="5" type="cond" truecount="2" falsecount="0"/>
        <line num="28" count="2" type="stmt"/>
        <line num="29" count="2" type="cond" truecount="2" falsecount="0"/>
        <line num="32" count="1" type="stmt"/>
      </file>
      <file name="pdf.ts" path="/Users/jbethuel/Documents/personal/shouldi/apps/extension/lib/pdf.ts">
        <metrics statements="14" coveredstatements="14" conditionals="4" coveredconditionals="4" methods="1" coveredmethods="1"/>
        <line num="4" count="1" type="stmt"/>
        <line num="8" count="4" type="stmt"/>
        <line num="9" count="4" type="stmt"/>
        <line num="10" count="4" type="stmt"/>
        <line num="11" count="4" type="stmt"/>
        <line num="12" count="6" type="stmt"/>
        <line num="13" count="6" type="stmt"/>
        <line num="14" count="6" type="stmt"/>
        <line num="15" count="6" type="stmt"/>
        <line num="16" count="8" type="cond" truecount="2" falsecount="0"/>
        <line num="17" count="7" type="cond" truecount="2" falsecount="0"/>
        <line num="19" count="6" type="stmt"/>
        <line num="21" count="4" type="stmt"/>
        <line num="22" count="4" type="stmt"/>
      </file>
      <file name="redact.ts" path="/Users/jbethuel/Documents/personal/shouldi/apps/extension/lib/redact.ts">
        <metrics statements="18" coveredstatements="18" conditionals="8" coveredconditionals="6" methods="6" coveredmethods="6"/>
        <line num="1" count="3" type="stmt"/>
        <line num="3" count="3" type="stmt"/>
        <line num="5" count="3" type="stmt"/>
        <line num="10" count="3" type="stmt"/>
        <line num="14" count="3" type="stmt"/>
        <line num="21" count="67" type="stmt"/>
        <line num="26" count="9" type="stmt"/>
        <line num="27" count="9" type="cond" truecount="4" falsecount="0"/>
        <line num="32" count="89" type="stmt"/>
        <line num="33" count="67" type="stmt"/>
        <line num="34" count="44" type="stmt"/>
        <line num="35" count="92" type="stmt"/>
        <line num="40" count="67" type="stmt"/>
        <line num="45" count="6" type="cond" truecount="1" falsecount="1"/>
        <line num="46" count="6" type="cond" truecount="1" falsecount="1"/>
        <line num="47" count="6" type="stmt"/>
        <line num="51" count="92" type="stmt"/>
        <line num="55" count="44" type="stmt"/>
      </file>
      <file name="storage.ts" path="/Users/jbethuel/Documents/personal/shouldi/apps/extension/lib/storage.ts">
        <metrics statements="17" coveredstatements="17" conditionals="11" coveredconditionals="11" methods="8" coveredmethods="8"/>
        <line num="12" count="3" type="stmt"/>
        <line num="13" count="3" type="stmt"/>
        <line num="16" count="44" type="stmt"/>
        <line num="17" count="44" type="stmt"/>
        <line num="24" count="19" type="stmt"/>
        <line num="29" count="11" type="stmt"/>
        <line num="30" count="11" type="cond" truecount="2" falsecount="0"/>
        <line num="31" count="9" type="stmt"/>
        <line num="32" count="9" type="stmt"/>
        <line num="33" count="9" type="stmt"/>
        <line num="38" count="2" type="stmt"/>
        <line num="47" count="28" type="stmt"/>
        <line num="50" count="15" type="stmt"/>
        <line num="51" count="15" type="stmt"/>
        <line num="52" count="15" type="cond" truecount="5" falsecount="0"/>
        <line num="56" count="11" type="stmt"/>
        <line num="60" count="2" type="stmt"/>
      </file>
    </package>
  </project>
</coverage>
