{"/Users/jbethuel/Documents/personal/shouldi/apps/extension/components/StepBar.tsx": {"path":"/Users/jbethuel/Documents/personal/shouldi/apps/extension/components/StepBar.tsx","statementMap":{"0":{"start":{"line":1,"column":14},"end":{"line":1,"column":null}},"1":{"start":{"line":5,"column":2},"end":{"line":10,"column":null}},"2":{"start":{"line":8,"column":8},"end":{"line":8,"column":null}}},"fnMap":{"0":{"name":"StepBar","decl":{"start":{"line":4,"column":16},"end":{"line":4,"column":24}},"loc":{"start":{"line":4,"column":108},"end":{"line":12,"column":null}},"line":4},"1":{"name":"(anonymous_1)","decl":{"start":{"line":7,"column":34},"end":{"line":7,"column":38}},"loc":{"start":{"line":8,"column":8},"end":{"line":8,"column":null}},"line":8}},"branchMap":{"0":{"loc":{"start":{"line":4,"column":40},"end":{"line":4,"column":108}},"type":"default-arg","locations":[{"start":{"line":4,"column":48},"end":{"line":4,"column":108}}],"line":4},"1":{"loc":{"start":{"line":6,"column":20},"end":{"line":6,"column":53}},"type":"cond-expr","locations":[{"start":{"line":6,"column":28},"end":{"line":6,"column":44}},{"start":{"line":6,"column":44},"end":{"line":6,"column":53}}],"line":6},"2":{"loc":{"start":{"line":8,"column":33},"end":{"line":8,"column":64}},"type":"cond-expr","locations":[{"start":{"line":8,"column":45},"end":{"line":8,"column":52}},{"start":{"line":8,"column":52},"end":{"line":8,"column":64}}],"line":8}},"s":{"0":1,"1":18,"2":90},"f":{"0":18,"1":90},"b":{"0":[18],"1":[6,12],"2":[61,29]},"meta":{"lastBranch":3,"lastFunction":2,"lastStatement":3,"seen":{"s:1:14:1:Infinity":0,"f:4:16:4:24":0,"b:4:48:4:108":0,"s:5:2:10:Infinity":1,"b:6:28:6:44:6:44:6:53":1,"f:7:34:7:38":1,"s:8:8:8:Infinity":2,"b:8:45:8:52:8:52:8:64":2},"fnNames":{}}}
,"/Users/jbethuel/Documents/personal/shouldi/apps/extension/entrypoints/background.ts": {"path":"/Users/jbethuel/Documents/personal/shouldi/apps/extension/entrypoints/background.ts","statementMap":{"0":{"start":{"line":6,"column":2},"end":{"line":8,"column":null}},"1":{"start":{"line":7,"column":4},"end":{"line":7,"column":null}},"2":{"start":{"line":7,"column":30},"end":{"line":7,"column":null}}},"fnMap":{"0":{"name":"(anonymous_0)","decl":{"start":{"line":4,"column":15},"end":{"line":4,"column":38}},"loc":{"start":{"line":4,"column":38},"end":{"line":9,"column":1}},"line":4},"1":{"name":"(anonymous_1)","decl":{"start":{"line":6,"column":30},"end":{"line":6,"column":43}},"loc":{"start":{"line":6,"column":58},"end":{"line":8,"column":3}},"line":6}},"branchMap":{"0":{"loc":{"start":{"line":7,"column":4},"end":{"line":7,"column":null}},"type":"if","locations":[{"start":{"line":7,"column":4},"end":{"line":7,"column":null}},{"start":{},"end":{}}],"line":7}},"s":{"0":2,"1":2,"2":1},"f":{"0":2,"1":2},"b":{"0":[1,1]},"meta":{"lastBranch":1,"lastFunction":2,"lastStatement":3,"seen":{"f:4:15:4:38":0,"s:6:2:8:Infinity":0,"f:6:30:6:43":1,"b:7:4:7:Infinity:undefined:undefined:undefined:undefined":0,"s:7:4:7:Infinity":1,"s:7:30:7:Infinity":2},"fnNames":{}}}
,"/Users/jbethuel/Documents/personal/shouldi/apps/extension/entrypoints/extract.ts": {"path":"/Users/jbethuel/Documents/personal/shouldi/apps/extension/entrypoints/extract.ts","statementMap":{"0":{"start":{"line":8,"column":28},"end":{"line":8,"column":null}},"1":{"start":{"line":11,"column":20},"end":{"line":11,"column":null}},"2":{"start":{"line":12,"column":2},"end":{"line":14,"column":null}},"3":{"start":{"line":13,"column":4},"end":{"line":13,"column":null}},"4":{"start":{"line":15,"column":18},"end":{"line":15,"column":null}},"5":{"start":{"line":16,"column":15},"end":{"line":16,"column":null}},"6":{"start":{"line":17,"column":2},"end":{"line":17,"column":null}},"7":{"start":{"line":21,"column":2},"end":{"line":25,"column":null}}},"fnMap":{"0":{"name":"(anonymous_0)","decl":{"start":{"line":10,"column":15},"end":{"line":10,"column":52}},"loc":{"start":{"line":10,"column":52},"end":{"line":18,"column":1}},"line":10},"1":{"name":"tidy","decl":{"start":{"line":20,"column":9},"end":{"line":20,"column":14}},"loc":{"start":{"line":20,"column":36},"end":{"line":26,"column":null}},"line":20}},"branchMap":{"0":{"loc":{"start":{"line":11,"column":20},"end":{"line":11,"column":null}},"type":"binary-expr","locations":[{"start":{"line":11,"column":20},"end":{"line":11,"column":64}},{"start":{"line":11,"column":64},"end":{"line":11,"column":null}}],"line":11},"1":{"loc":{"start":{"line":12,"column":2},"end":{"line":14,"column":null}},"type":"if","locations":[{"start":{"line":12,"column":2},"end":{"line":14,"column":null}},{"start":{},"end":{}}],"line":12},"2":{"loc":{"start":{"line":16,"column":15},"end":{"line":16,"column":null}},"type":"binary-expr","locations":[{"start":{"line":16,"column":15},"end":{"line":16,"column":39}},{"start":{"line":16,"column":39},"end":{"line":16,"column":67}},{"start":{"line":16,"column":67},"end":{"line":16,"column":null}}],"line":16},"3":{"loc":{"start":{"line":17,"column":34},"end":{"line":17,"column":68}},"type":"binary-expr","locations":[{"start":{"line":17,"column":34},"end":{"line":17,"column":52}},{"start":{"line":17,"column":52},"end":{"line":17,"column":68}}],"line":17}},"s":{"0":1,"1":6,"2":6,"3":1,"4":5,"5":5,"6":6,"7":6},"f":{"0":6,"1":6},"b":{"0":[6,0],"1":[1,5],"2":[5,1,1],"3":[6,1]},"meta":{"lastBranch":4,"lastFunction":2,"lastStatement":8,"seen":{"s:8:28:8:Infinity":0,"f:10:15:10:52":0,"s:11:20:11:Infinity":1,"b:11:20:11:64:11:64:11:Infinity":0,"b:12:2:14:Infinity:undefined:undefined:undefined:undefined":1,"s:12:2:14:Infinity":2,"s:13:4:13:Infinity":3,"s:15:18:15:Infinity":4,"s:16:15:16:Infinity":5,"b:16:15:16:39:16:39:16:67:16:67:16:Infinity":2,"s:17:2:17:Infinity":6,"b:17:34:17:52:17:52:17:68":3,"f:20:9:20:14":1,"s:21:2:25:Infinity":7},"fnNames":{}}}
,"/Users/jbethuel/Documents/personal/shouldi/apps/extension/entrypoints/options/App.tsx": {"path":"/Users/jbethuel/Documents/personal/shouldi/apps/extension/entrypoints/options/App.tsx","statementMap":{"0":{"start":{"line":8,"column":17},"end":{"line":8,"column":null}},"1":{"start":{"line":13,"column":32},"end":{"line":13,"column":null}},"2":{"start":{"line":14,"column":28},"end":{"line":14,"column":null}},"3":{"start":{"line":15,"column":30},"end":{"line":15,"column":null}},"4":{"start":{"line":16,"column":44},"end":{"line":16,"column":null}},"5":{"start":{"line":18,"column":2},"end":{"line":23,"column":null}},"6":{"start":{"line":19,"column":4},"end":{"line":22,"column":null}},"7":{"start":{"line":20,"column":6},"end":{"line":20,"column":null}},"8":{"start":{"line":21,"column":6},"end":{"line":21,"column":null}},"9":{"start":{"line":25,"column":16},"end":{"line":25,"column":null}},"10":{"start":{"line":26,"column":18},"end":{"line":29,"column":null}},"11":{"start":{"line":27,"column":10},"end":{"line":27,"column":null}},"12":{"start":{"line":32,"column":17},"end":{"line":32,"column":null}},"13":{"start":{"line":33,"column":4},"end":{"line":33,"column":null}},"14":{"start":{"line":34,"column":4},"end":{"line":34,"column":null}},"15":{"start":{"line":34,"column":15},"end":{"line":34,"column":null}},"16":{"start":{"line":35,"column":4},"end":{"line":35,"column":null}},"17":{"start":{"line":36,"column":4},"end":{"line":46,"column":null}},"18":{"start":{"line":37,"column":19},"end":{"line":37,"column":null}},"19":{"start":{"line":38,"column":6},"end":{"line":38,"column":null}},"20":{"start":{"line":38,"column":17},"end":{"line":38,"column":null}},"21":{"start":{"line":39,"column":6},"end":{"line":39,"column":null}},"22":{"start":{"line":39,"column":25},"end":{"line":39,"column":52}},"23":{"start":{"line":40,"column":6},"end":{"line":40,"column":null}},"24":{"start":{"line":42,"column":6},"end":{"line":45,"column":null}},"25":{"start":{"line":50,"column":17},"end":{"line":50,"column":null}},"26":{"start":{"line":51,"column":4},"end":{"line":51,"column":null}},"27":{"start":{"line":52,"column":4},"end":{"line":52,"column":null}},"28":{"start":{"line":53,"column":4},"end":{"line":53,"column":null}},"29":{"start":{"line":54,"column":4},"end":{"line":54,"column":null}},"30":{"start":{"line":58,"column":4},"end":{"line":58,"column":null}},"31":{"start":{"line":59,"column":18},"end":{"line":59,"column":null}},"32":{"start":{"line":60,"column":4},"end":{"line":60,"column":null}},"33":{"start":{"line":61,"column":4},"end":{"line":61,"column":null}},"34":{"start":{"line":62,"column":4},"end":{"line":62,"column":null}},"35":{"start":{"line":63,"column":4},"end":{"line":63,"column":null}},"36":{"start":{"line":66,"column":17},"end":{"line":66,"column":null}},"37":{"start":{"line":68,"column":2},"end":{"line":157,"column":null}},"38":{"start":{"line":89,"column":78},"end":{"line":89,"column":95}},"39":{"start":{"line":99,"column":27},"end":{"line":99,"column":null}},"40":{"start":{"line":99,"column":46},"end":{"line":99,"column":83}},"41":{"start":{"line":116,"column":27},"end":{"line":116,"column":null}},"42":{"start":{"line":116,"column":46},"end":{"line":116,"column":84}},"43":{"start":{"line":121,"column":87},"end":{"line":121,"column":101}},"44":{"start":{"line":138,"column":72},"end":{"line":138,"column":88}},"45":{"start":{"line":141,"column":75},"end":{"line":141,"column":99}},"46":{"start":{"line":146,"column":70},"end":{"line":146,"column":93}}},"fnMap":{"0":{"name":"App","decl":{"start":{"line":12,"column":16},"end":{"line":12,"column":22}},"loc":{"start":{"line":12,"column":22},"end":{"line":159,"column":null}},"line":12},"1":{"name":"(anonymous_1)","decl":{"start":{"line":18,"column":2},"end":{"line":18,"column":18}},"loc":{"start":{"line":18,"column":18},"end":{"line":23,"column":5}},"line":18},"2":{"name":"(anonymous_2)","decl":{"start":{"line":19,"column":23},"end":{"line":19,"column":29}},"loc":{"start":{"line":19,"column":35},"end":{"line":22,"column":5}},"line":19},"3":{"name":"(anonymous_3)","decl":{"start":{"line":26,"column":18},"end":{"line":26,"column":null}},"loc":{"start":{"line":27,"column":10},"end":{"line":27,"column":null}},"line":27},"4":{"name":"onFile","decl":{"start":{"line":31,"column":17},"end":{"line":31,"column":24}},"loc":{"start":{"line":31,"column":62},"end":{"line":47,"column":null}},"line":31},"5":{"name":"(anonymous_5)","decl":{"start":{"line":39,"column":6},"end":{"line":39,"column":18}},"loc":{"start":{"line":39,"column":25},"end":{"line":39,"column":52}},"line":39},"6":{"name":"onSave","decl":{"start":{"line":49,"column":17},"end":{"line":49,"column":26}},"loc":{"start":{"line":49,"column":26},"end":{"line":55,"column":null}},"line":49},"7":{"name":"onDelete","decl":{"start":{"line":57,"column":17},"end":{"line":57,"column":28}},"loc":{"start":{"line":57,"column":28},"end":{"line":64,"column":null}},"line":57},"8":{"name":"(anonymous_8)","decl":{"start":{"line":89,"column":61},"end":{"line":89,"column":72}},"loc":{"start":{"line":89,"column":78},"end":{"line":89,"column":95}},"line":89},"9":{"name":"(anonymous_9)","decl":{"start":{"line":99,"column":10},"end":{"line":99,"column":21}},"loc":{"start":{"line":99,"column":27},"end":{"line":99,"column":null}},"line":99},"10":{"name":"(anonymous_10)","decl":{"start":{"line":99,"column":27},"end":{"line":99,"column":39}},"loc":{"start":{"line":99,"column":46},"end":{"line":99,"column":83}},"line":99},"11":{"name":"(anonymous_11)","decl":{"start":{"line":116,"column":10},"end":{"line":116,"column":21}},"loc":{"start":{"line":116,"column":27},"end":{"line":116,"column":null}},"line":116},"12":{"name":"(anonymous_12)","decl":{"start":{"line":116,"column":27},"end":{"line":116,"column":39}},"loc":{"start":{"line":116,"column":46},"end":{"line":116,"column":84}},"line":116},"13":{"name":"(anonymous_13)","decl":{"start":{"line":121,"column":72},"end":{"line":121,"column":87}},"loc":{"start":{"line":121,"column":87},"end":{"line":121,"column":101}},"line":121},"14":{"name":"(anonymous_14)","decl":{"start":{"line":138,"column":57},"end":{"line":138,"column":72}},"loc":{"start":{"line":138,"column":72},"end":{"line":138,"column":88}},"line":138},"15":{"name":"(anonymous_15)","decl":{"start":{"line":141,"column":60},"end":{"line":141,"column":75}},"loc":{"start":{"line":141,"column":75},"end":{"line":141,"column":99}},"line":141},"16":{"name":"(anonymous_16)","decl":{"start":{"line":146,"column":55},"end":{"line":146,"column":70}},"loc":{"start":{"line":146,"column":70},"end":{"line":146,"column":93}},"line":146}},"branchMap":{"0":{"loc":{"start":{"line":8,"column":17},"end":{"line":8,"column":null}},"type":"binary-expr","locations":[{"start":{"line":8,"column":17},"end":{"line":8,"column":71}},{"start":{"line":8,"column":71},"end":{"line":8,"column":null}}],"line":8},"1":{"loc":{"start":{"line":25,"column":16},"end":{"line":25,"column":null}},"type":"binary-expr","locations":[{"start":{"line":25,"column":16},"end":{"line":25,"column":59}},{"start":{"line":25,"column":59},"end":{"line":25,"column":null}}],"line":25},"2":{"loc":{"start":{"line":34,"column":4},"end":{"line":34,"column":null}},"type":"if","locations":[{"start":{"line":34,"column":4},"end":{"line":34,"column":null}},{"start":{},"end":{}}],"line":34},"3":{"loc":{"start":{"line":38,"column":6},"end":{"line":38,"column":null}},"type":"if","locations":[{"start":{"line":38,"column":6},"end":{"line":38,"column":null}},{"start":{},"end":{}}],"line":38},"4":{"loc":{"start":{"line":93,"column":9},"end":{"line":93,"column":null}},"type":"binary-expr","locations":[{"start":{"line":93,"column":9},"end":{"line":93,"column":38}},{"start":{"line":93,"column":38},"end":{"line":93,"column":null}}],"line":93},"5":{"loc":{"start":{"line":94,"column":9},"end":{"line":94,"column":null}},"type":"binary-expr","locations":[{"start":{"line":94,"column":9},"end":{"line":94,"column":36}},{"start":{"line":94,"column":36},"end":{"line":94,"column":null}}],"line":94},"6":{"loc":{"start":{"line":104,"column":11},"end":{"line":104,"column":null}},"type":"binary-expr","locations":[{"start":{"line":104,"column":11},"end":{"line":104,"column":40}},{"start":{"line":104,"column":40},"end":{"line":104,"column":null}}],"line":104},"7":{"loc":{"start":{"line":124,"column":9},"end":{"line":124,"column":null}},"type":"binary-expr","locations":[{"start":{"line":124,"column":9},"end":{"line":124,"column":36}},{"start":{"line":124,"column":36},"end":{"line":124,"column":46}},{"start":{"line":124,"column":46},"end":{"line":124,"column":null}}],"line":124},"8":{"loc":{"start":{"line":125,"column":9},"end":{"line":125,"column":null}},"type":"binary-expr","locations":[{"start":{"line":125,"column":9},"end":{"line":125,"column":38}},{"start":{"line":125,"column":38},"end":{"line":125,"column":null}}],"line":125},"9":{"loc":{"start":{"line":130,"column":14},"end":{"line":130,"column":47}},"type":"binary-expr","locations":[{"start":{"line":130,"column":14},"end":{"line":130,"column":25}},{"start":{"line":130,"column":25},"end":{"line":130,"column":47}}],"line":130},"10":{"loc":{"start":{"line":136,"column":9},"end":{"line":148,"column":null}},"type":"cond-expr","locations":[{"start":{"line":137,"column":10},"end":{"line":146,"column":11}},{"start":{"line":146,"column":10},"end":{"line":148,"column":null}}],"line":136}},"s":{"0":1,"1":56,"2":56,"3":56,"4":56,"5":56,"6":9,"7":9,"8":9,"9":56,"10":56,"11":45,"12":2,"13":2,"14":2,"15":0,"16":2,"17":2,"18":2,"19":2,"20":1,"21":1,"22":1,"23":1,"24":1,"25":1,"26":1,"27":1,"28":1,"29":1,"30":1,"31":1,"32":1,"33":1,"34":1,"35":1,"36":56,"37":56,"38":2,"39":19,"40":19,"41":10,"42":10,"43":1,"44":1,"45":1,"46":2},"f":{"0":56,"1":9,"2":9,"3":45,"4":2,"5":1,"6":1,"7":1,"8":2,"9":19,"10":19,"11":10,"12":10,"13":1,"14":1,"15":1,"16":2},"b":{"0":[1,1],"1":[56,26],"2":[0,2],"3":[1,1],"4":[56,2],"5":[56,1],"6":[56,1],"7":[56,1,1],"8":[56,1],"9":[56,18],"10":[2,54]},"meta":{"lastBranch":11,"lastFunction":17,"lastStatement":47,"seen":{"s:8:17:8:Infinity":0,"b:8:17:8:71:8:71:8:Infinity":0,"f:12:16:12:22":0,"s:13:32:13:Infinity":1,"s:14:28:14:Infinity":2,"s:15:30:15:Infinity":3,"s:16:44:16:Infinity":4,"s:18:2:23:Infinity":5,"f:18:2:18:18":1,"s:19:4:22:Infinity":6,"f:19:23:19:29":2,"s:20:6:20:Infinity":7,"s:21:6:21:Infinity":8,"s:25:16:25:Infinity":9,"b:25:16:25:59:25:59:25:Infinity":1,"s:26:18:29:Infinity":10,"f:26:18:26:Infinity":3,"s:27:10:27:Infinity":11,"f:31:17:31:24":4,"s:32:17:32:Infinity":12,"s:33:4:33:Infinity":13,"b:34:4:34:Infinity:undefined:undefined:undefined:undefined":2,"s:34:4:34:Infinity":14,"s:34:15:34:Infinity":15,"s:35:4:35:Infinity":16,"s:36:4:46:Infinity":17,"s:37:19:37:Infinity":18,"b:38:6:38:Infinity:undefined:undefined:undefined:undefined":3,"s:38:6:38:Infinity":19,"s:38:17:38:Infinity":20,"s:39:6:39:Infinity":21,"f:39:6:39:18":5,"s:39:25:39:52":22,"s:40:6:40:Infinity":23,"s:42:6:45:Infinity":24,"f:49:17:49:26":6,"s:50:17:50:Infinity":25,"s:51:4:51:Infinity":26,"s:52:4:52:Infinity":27,"s:53:4:53:Infinity":28,"s:54:4:54:Infinity":29,"f:57:17:57:28":7,"s:58:4:58:Infinity":30,"s:59:18:59:Infinity":31,"s:60:4:60:Infinity":32,"s:61:4:61:Infinity":33,"s:62:4:62:Infinity":34,"s:63:4:63:Infinity":35,"s:66:17:66:Infinity":36,"s:68:2:157:Infinity":37,"f:89:61:89:72":8,"s:89:78:89:95":38,"b:93:9:93:38:93:38:93:Infinity":4,"b:94:9:94:36:94:36:94:Infinity":5,"f:99:10:99:21":9,"s:99:27:99:Infinity":39,"f:99:27:99:39":10,"s:99:46:99:83":40,"b:104:11:104:40:104:40:104:Infinity":6,"f:116:10:116:21":11,"s:116:27:116:Infinity":41,"f:116:27:116:39":12,"s:116:46:116:84":42,"f:121:72:121:87":13,"s:121:87:121:101":43,"b:124:9:124:36:124:36:124:46:124:46:124:Infinity":7,"b:125:9:125:38:125:38:125:Infinity":8,"b:130:14:130:25:130:25:130:47":9,"b:137:10:146:11:146:10:148:Infinity":10,"f:138:57:138:72":14,"s:138:72:138:88":44,"f:141:60:141:75":15,"s:141:75:141:99":45,"f:146:55:146:70":16,"s:146:70:146:93":46},"fnNames":{}}}
,"/Users/jbethuel/Documents/personal/shouldi/apps/extension/entrypoints/options/options.css": {"path":"/Users/jbethuel/Documents/personal/shouldi/apps/extension/entrypoints/options/options.css","statementMap":{},"fnMap":{},"branchMap":{},"s":{},"f":{},"b":{},"meta":{"lastBranch":0,"lastFunction":0,"lastStatement":0,"seen":{},"fnNames":{}}}
,"/Users/jbethuel/Documents/personal/shouldi/apps/extension/entrypoints/popup/App.tsx": {"path":"/Users/jbethuel/Documents/personal/shouldi/apps/extension/entrypoints/popup/App.tsx","statementMap":{"0":{"start":{"line":12,"column":22},"end":{"line":12,"column":null}},"1":{"start":{"line":23,"column":26},"end":{"line":23,"column":null}},"2":{"start":{"line":25,"column":2},"end":{"line":37,"column":null}},"3":{"start":{"line":26,"column":4},"end":{"line":36,"column":null}},"4":{"start":{"line":27,"column":22},"end":{"line":27,"column":40}},"5":{"start":{"line":28,"column":6},"end":{"line":28,"column":null}},"6":{"start":{"line":28,"column":38},"end":{"line":28,"column":null}},"7":{"start":{"line":30,"column":19},"end":{"line":30,"column":39}},"8":{"start":{"line":31,"column":6},"end":{"line":31,"column":null}},"9":{"start":{"line":31,"column":17},"end":{"line":31,"column":null}},"10":{"start":{"line":32,"column":6},"end":{"line":32,"column":null}},"11":{"start":{"line":32,"column":44},"end":{"line":32,"column":null}},"12":{"start":{"line":34,"column":21},"end":{"line":34,"column":null}},"13":{"start":{"line":35,"column":6},"end":{"line":35,"column":null}},"14":{"start":{"line":39,"column":17},"end":{"line":47,"column":null}},"15":{"start":{"line":40,"column":4},"end":{"line":40,"column":null}},"16":{"start":{"line":41,"column":20},"end":{"line":41,"column":38}},"17":{"start":{"line":42,"column":23},"end":{"line":42,"column":null}},"18":{"start":{"line":43,"column":20},"end":{"line":43,"column":null}},"19":{"start":{"line":44,"column":4},"end":{"line":44,"column":null}},"20":{"start":{"line":44,"column":21},"end":{"line":44,"column":null}},"21":{"start":{"line":45,"column":4},"end":{"line":45,"column":null}},"22":{"start":{"line":46,"column":4},"end":{"line":46,"column":null}},"23":{"start":{"line":49,"column":22},"end":{"line":55,"column":null}},"24":{"start":{"line":51,"column":6},"end":{"line":51,"column":null}},"25":{"start":{"line":52,"column":6},"end":{"line":52,"column":null}},"26":{"start":{"line":57,"column":2},"end":{"line":92,"column":null}},"27":{"start":{"line":61,"column":72},"end":{"line":61,"column":112}},"28":{"start":{"line":71,"column":75},"end":{"line":71,"column":115}},"29":{"start":{"line":78,"column":88},"end":{"line":78,"column":113}},"30":{"start":{"line":83,"column":75},"end":{"line":83,"column":99}},"31":{"start":{"line":89,"column":64},"end":{"line":89,"column":94}},"32":{"start":{"line":97,"column":2},"end":{"line":112,"column":null}},"33":{"start":{"line":117,"column":2},"end":{"line":123,"column":null}},"34":{"start":{"line":118,"column":4},"end":{"line":121,"column":null}},"35":{"start":{"line":124,"column":2},"end":{"line":145,"column":null}},"36":{"start":{"line":132,"column":10},"end":{"line":138,"column":null}}},"fnMap":{"0":{"name":"App","decl":{"start":{"line":22,"column":16},"end":{"line":22,"column":22}},"loc":{"start":{"line":22,"column":22},"end":{"line":94,"column":null}},"line":22},"1":{"name":"(anonymous_1)","decl":{"start":{"line":25,"column":2},"end":{"line":25,"column":18}},"loc":{"start":{"line":25,"column":18},"end":{"line":37,"column":5}},"line":25},"2":{"name":"(anonymous_2)","decl":{"start":{"line":26,"column":10},"end":{"line":26,"column":22}},"loc":{"start":{"line":26,"column":22},"end":{"line":36,"column":5}},"line":26},"3":{"name":"(anonymous_3)","decl":{"start":{"line":39,"column":29},"end":{"line":39,"column":36}},"loc":{"start":{"line":39,"column":54},"end":{"line":47,"column":5}},"line":39},"4":{"name":"(anonymous_4)","decl":{"start":{"line":50,"column":4},"end":{"line":50,"column":11}},"loc":{"start":{"line":50,"column":29},"end":{"line":53,"column":null}},"line":50},"5":{"name":"(anonymous_5)","decl":{"start":{"line":61,"column":57},"end":{"line":61,"column":72}},"loc":{"start":{"line":61,"column":72},"end":{"line":61,"column":112}},"line":61},"6":{"name":"(anonymous_6)","decl":{"start":{"line":71,"column":60},"end":{"line":71,"column":75}},"loc":{"start":{"line":71,"column":75},"end":{"line":71,"column":115}},"line":71},"7":{"name":"(anonymous_7)","decl":{"start":{"line":78,"column":72},"end":{"line":78,"column":88}},"loc":{"start":{"line":78,"column":88},"end":{"line":78,"column":113}},"line":78},"8":{"name":"(anonymous_8)","decl":{"start":{"line":83,"column":60},"end":{"line":83,"column":75}},"loc":{"start":{"line":83,"column":75},"end":{"line":83,"column":99}},"line":83},"9":{"name":"(anonymous_9)","decl":{"start":{"line":89,"column":43},"end":{"line":89,"column":64}},"loc":{"start":{"line":89,"column":64},"end":{"line":89,"column":94}},"line":89},"10":{"name":"JobPreview","decl":{"start":{"line":96,"column":9},"end":{"line":96,"column":20}},"loc":{"start":{"line":96,"column":102},"end":{"line":114,"column":null}},"line":96},"11":{"name":"Result","decl":{"start":{"line":116,"column":9},"end":{"line":116,"column":16}},"loc":{"start":{"line":116,"column":102},"end":{"line":147,"column":null}},"line":116},"12":{"name":"(anonymous_12)","decl":{"start":{"line":131,"column":27},"end":{"line":131,"column":32}},"loc":{"start":{"line":132,"column":10},"end":{"line":138,"column":null}},"line":132}},"branchMap":{"0":{"loc":{"start":{"line":28,"column":6},"end":{"line":28,"column":null}},"type":"if","locations":[{"start":{"line":28,"column":6},"end":{"line":28,"column":null}},{"start":{},"end":{}}],"line":28},"1":{"loc":{"start":{"line":31,"column":6},"end":{"line":31,"column":null}},"type":"if","locations":[{"start":{"line":31,"column":6},"end":{"line":31,"column":null}},{"start":{},"end":{}}],"line":31},"2":{"loc":{"start":{"line":32,"column":6},"end":{"line":32,"column":null}},"type":"if","locations":[{"start":{"line":32,"column":6},"end":{"line":32,"column":null}},{"start":{},"end":{}}],"line":32},"3":{"loc":{"start":{"line":35,"column":14},"end":{"line":35,"column":91}},"type":"cond-expr","locations":[{"start":{"line":35,"column":23},"end":{"line":35,"column":68}},{"start":{"line":35,"column":68},"end":{"line":35,"column":91}}],"line":35},"4":{"loc":{"start":{"line":44,"column":4},"end":{"line":44,"column":null}},"type":"if","locations":[{"start":{"line":44,"column":4},"end":{"line":44,"column":null}},{"start":{},"end":{}}],"line":44},"5":{"loc":{"start":{"line":66,"column":9},"end":{"line":66,"column":null}},"type":"binary-expr","locations":[{"start":{"line":66,"column":9},"end":{"line":66,"column":36}},{"start":{"line":66,"column":36},"end":{"line":66,"column":null}}],"line":66},"6":{"loc":{"start":{"line":67,"column":9},"end":{"line":75,"column":null}},"type":"binary-expr","locations":[{"start":{"line":67,"column":9},"end":{"line":67,"column":null}},{"start":{"line":68,"column":10},"end":{"line":75,"column":null}}],"line":67},"7":{"loc":{"start":{"line":70,"column":13},"end":{"line":75,"column":null}},"type":"binary-expr","locations":[{"start":{"line":70,"column":13},"end":{"line":70,"column":null}},{"start":{"line":71,"column":14},"end":{"line":75,"column":null}}],"line":70},"8":{"loc":{"start":{"line":77,"column":10},"end":{"line":78,"column":null}},"type":"binary-expr","locations":[{"start":{"line":77,"column":10},"end":{"line":77,"column":35}},{"start":{"line":77,"column":35},"end":{"line":77,"column":null}},{"start":{"line":78,"column":10},"end":{"line":78,"column":null}}],"line":77},"9":{"loc":{"start":{"line":80,"column":9},"end":{"line":86,"column":null}},"type":"binary-expr","locations":[{"start":{"line":80,"column":9},"end":{"line":80,"column":null}},{"start":{"line":81,"column":10},"end":{"line":86,"column":null}}],"line":80},"10":{"loc":{"start":{"line":88,"column":9},"end":{"line":89,"column":null}},"type":"binary-expr","locations":[{"start":{"line":88,"column":9},"end":{"line":88,"column":null}},{"start":{"line":89,"column":10},"end":{"line":89,"column":null}}],"line":88},"11":{"loc":{"start":{"line":101,"column":33},"end":{"line":101,"column":100}},"type":"cond-expr","locations":[{"start":{"line":101,"column":63},"end":{"line":101,"column":82}},{"start":{"line":101,"column":82},"end":{"line":101,"column":100}}],"line":101},"12":{"loc":{"start":{"line":103,"column":7},"end":{"line":103,"column":null}},"type":"binary-expr","locations":[{"start":{"line":103,"column":7},"end":{"line":103,"column":21}},{"start":{"line":103,"column":21},"end":{"line":103,"column":null}}],"line":103},"13":{"loc":{"start":{"line":107,"column":7},"end":{"line":107,"column":null}},"type":"binary-expr","locations":[{"start":{"line":107,"column":7},"end":{"line":107,"column":19}},{"start":{"line":107,"column":19},"end":{"line":107,"column":null}}],"line":107},"14":{"loc":{"start":{"line":109,"column":9},"end":{"line":109,"column":null}},"type":"cond-expr","locations":[{"start":{"line":109,"column":16},"end":{"line":109,"column":31}},{"start":{"line":109,"column":31},"end":{"line":109,"column":null}}],"line":109},"15":{"loc":{"start":{"line":117,"column":2},"end":{"line":123,"column":null}},"type":"if","locations":[{"start":{"line":117,"column":2},"end":{"line":123,"column":null}},{"start":{},"end":{}}],"line":117},"16":{"loc":{"start":{"line":132,"column":36},"end":{"line":132,"column":null}},"type":"cond-expr","locations":[{"start":{"line":132,"column":47},"end":{"line":132,"column":59}},{"start":{"line":132,"column":59},"end":{"line":132,"column":null}}],"line":132},"17":{"loc":{"start":{"line":135,"column":15},"end":{"line":136,"column":null}},"type":"binary-expr","locations":[{"start":{"line":135,"column":15},"end":{"line":135,"column":35}},{"start":{"line":135,"column":35},"end":{"line":136,"column":null}}],"line":135},"18":{"loc":{"start":{"line":141,"column":7},"end":{"line":141,"column":null}},"type":"binary-expr","locations":[{"start":{"line":141,"column":7},"end":{"line":141,"column":23}},{"start":{"line":141,"column":23},"end":{"line":141,"column":null}}],"line":141}},"s":{"0":1,"1":33,"2":33,"3":11,"4":11,"5":11,"6":1,"7":10,"8":10,"9":1,"10":9,"11":1,"12":8,"13":8,"14":33,"15":6,"16":6,"17":6,"18":6,"19":6,"20":1,"21":5,"22":5,"23":33,"24":1,"25":1,"26":33,"27":0,"28":1,"29":4,"30":1,"31":1,"32":11,"33":7,"34":1,"35":6,"36":18},"f":{"0":33,"1":11,"2":11,"3":6,"4":1,"5":0,"6":1,"7":4,"8":1,"9":1,"10":11,"11":7,"12":18},"b":{"0":[1,10],"1":[1,9],"2":[1,8],"3":[2,6],"4":[1,5],"5":[33,11],"6":[33,3],"7":[3,1],"8":[33,27,11],"9":[33,1],"10":[33,7],"11":[1,10],"12":[11,11],"13":[11,1],"14":[5,6],"15":[1,6],"16":[12,6],"17":[18,12],"18":[6,5]},"meta":{"lastBranch":19,"lastFunction":13,"lastStatement":37,"seen":{"s:12:22:12:Infinity":0,"f:22:16:22:22":0,"s:23:26:23:Infinity":1,"s:25:2:37:Infinity":2,"f:25:2:25:18":1,"s:26:4:36:Infinity":3,"f:26:10:26:22":2,"s:27:22:27:40":4,"b:28:6:28:Infinity:undefined:undefined:undefined:undefined":0,"s:28:6:28:Infinity":5,"s:28:38:28:Infinity":6,"s:30:19:30:39":7,"b:31:6:31:Infinity:undefined:undefined:undefined:undefined":1,"s:31:6:31:Infinity":8,"s:31:17:31:Infinity":9,"b:32:6:32:Infinity:undefined:undefined:undefined:undefined":2,"s:32:6:32:Infinity":10,"s:32:44:32:Infinity":11,"s:34:21:34:Infinity":12,"s:35:6:35:Infinity":13,"b:35:23:35:68:35:68:35:91":3,"s:39:17:47:Infinity":14,"f:39:29:39:36":3,"s:40:4:40:Infinity":15,"s:41:20:41:38":16,"s:42:23:42:Infinity":17,"s:43:20:43:Infinity":18,"b:44:4:44:Infinity:undefined:undefined:undefined:undefined":4,"s:44:4:44:Infinity":19,"s:44:21:44:Infinity":20,"s:45:4:45:Infinity":21,"s:46:4:46:Infinity":22,"s:49:22:55:Infinity":23,"f:50:4:50:11":4,"s:51:6:51:Infinity":24,"s:52:6:52:Infinity":25,"s:57:2:92:Infinity":26,"f:61:57:61:72":5,"s:61:72:61:112":27,"b:66:9:66:36:66:36:66:Infinity":5,"b:67:9:67:Infinity:68:10:75:Infinity":6,"b:70:13:70:Infinity:71:14:75:Infinity":7,"f:71:60:71:75":6,"s:71:75:71:115":28,"b:77:10:77:35:77:35:77:Infinity:78:10:78:Infinity":8,"f:78:72:78:88":7,"s:78:88:78:113":29,"b:80:9:80:Infinity:81:10:86:Infinity":9,"f:83:60:83:75":8,"s:83:75:83:99":30,"b:88:9:88:Infinity:89:10:89:Infinity":10,"f:89:43:89:64":9,"s:89:64:89:94":31,"f:96:9:96:20":10,"s:97:2:112:Infinity":32,"b:101:63:101:82:101:82:101:100":11,"b:103:7:103:21:103:21:103:Infinity":12,"b:107:7:107:19:107:19:107:Infinity":13,"b:109:16:109:31:109:31:109:Infinity":14,"f:116:9:116:16":11,"b:117:2:123:Infinity:undefined:undefined:undefined:undefined":15,"s:117:2:123:Infinity":33,"s:118:4:121:Infinity":34,"s:124:2:145:Infinity":35,"f:131:27:131:32":12,"s:132:10:138:Infinity":36,"b:132:47:132:59:132:59:132:Infinity":16,"b:135:15:135:35:135:35:136:Infinity":17,"b:141:7:141:23:141:23:141:Infinity":18},"fnNames":{}}}
,"/Users/jbethuel/Documents/personal/shouldi/apps/extension/entrypoints/popup/popup.css": {"path":"/Users/jbethuel/Documents/personal/shouldi/apps/extension/entrypoints/popup/popup.css","statementMap":{},"fnMap":{},"branchMap":{},"s":{},"f":{},"b":{},"meta":{"lastBranch":0,"lastFunction":0,"lastStatement":0,"seen":{},"fnNames":{}}}
,"/Users/jbethuel/Documents/personal/shouldi/apps/extension/lib/api.ts": {"path":"/Users/jbethuel/Documents/personal/shouldi/apps/extension/lib/api.ts","statementMap":{"0":{"start":{"line":11,"column":17},"end":{"line":11,"column":null}},"1":{"start":{"line":17,"column":2},"end":{"line":25,"column":null}},"2":{"start":{"line":18,"column":4},"end":{"line":22,"column":null}},"3":{"start":{"line":24,"column":4},"end":{"line":24,"column":null}},"4":{"start":{"line":26,"column":2},"end":{"line":26,"column":null}},"5":{"start":{"line":26,"column":73},"end":{"line":26,"column":77}},"6":{"start":{"line":31,"column":2},"end":{"line":34,"column":null}},"7":{"start":{"line":32,"column":19},"end":{"line":32,"column":null}},"8":{"start":{"line":33,"column":4},"end":{"line":33,"column":null}},"9":{"start":{"line":35,"column":16},"end":{"line":35,"column":null}},"10":{"start":{"line":36,"column":2},"end":{"line":39,"column":null}},"11":{"start":{"line":37,"column":33},"end":{"line":37,"column":null}},"12":{"start":{"line":38,"column":4},"end":{"line":38,"column":null}},"13":{"start":{"line":41,"column":2},"end":{"line":41,"column":null}},"14":{"start":{"line":45,"column":2},"end":{"line":45,"column":null}}},"fnMap":{"0":{"name":"requestAssessment","decl":{"start":{"line":15,"column":22},"end":{"line":15,"column":40}},"loc":{"start":{"line":15,"column":107},"end":{"line":27,"column":null}},"line":15},"1":{"name":"(anonymous_1)","decl":{"start":{"line":26,"column":61},"end":{"line":26,"column":73}},"loc":{"start":{"line":26,"column":73},"end":{"line":26,"column":77}},"line":26},"2":{"name":"readResponse","decl":{"start":{"line":30,"column":16},"end":{"line":30,"column":29}},"loc":{"start":{"line":30,"column":75},"end":{"line":42,"column":null}},"line":30},"3":{"name":"localTime","decl":{"start":{"line":44,"column":16},"end":{"line":44,"column":26}},"loc":{"start":{"line":44,"column":64},"end":{"line":46,"column":null}},"line":44}},"branchMap":{"0":{"loc":{"start":{"line":11,"column":17},"end":{"line":11,"column":null}},"type":"binary-expr","locations":[{"start":{"line":11,"column":17},"end":{"line":11,"column":71}},{"start":{"line":11,"column":71},"end":{"line":11,"column":null}}],"line":11},"1":{"loc":{"start":{"line":31,"column":2},"end":{"line":34,"column":null}},"type":"if","locations":[{"start":{"line":31,"column":2},"end":{"line":34,"column":null}},{"start":{},"end":{}}],"line":31},"2":{"loc":{"start":{"line":31,"column":6},"end":{"line":31,"column":37}},"type":"binary-expr","locations":[{"start":{"line":31,"column":6},"end":{"line":31,"column":23}},{"start":{"line":31,"column":23},"end":{"line":31,"column":37}}],"line":31},"3":{"loc":{"start":{"line":33,"column":11},"end":{"line":33,"column":null}},"type":"cond-expr","locations":[{"start":{"line":33,"column":28},"end":{"line":33,"column":66}},{"start":{"line":33,"column":66},"end":{"line":33,"column":null}}],"line":33},"4":{"loc":{"start":{"line":36,"column":2},"end":{"line":39,"column":null}},"type":"if","locations":[{"start":{"line":36,"column":2},"end":{"line":39,"column":null}},{"start":{},"end":{}}],"line":36},"5":{"loc":{"start":{"line":38,"column":33},"end":{"line":38,"column":107}},"type":"cond-expr","locations":[{"start":{"line":38,"column":43},"end":{"line":38,"column":99}},{"start":{"line":38,"column":99},"end":{"line":38,"column":107}}],"line":38},"6":{"loc":{"start":{"line":41,"column":31},"end":{"line":41,"column":89}},"type":"cond-expr","locations":[{"start":{"line":41,"column":48},"end":{"line":41,"column":71}},{"start":{"line":41,"column":71},"end":{"line":41,"column":89}}],"line":41}},"s":{"0":1,"1":3,"2":3,"3":1,"4":2,"5":1,"6":9,"7":3,"8":3,"9":6,"10":6,"11":3,"12":3,"13":3,"14":5},"f":{"0":3,"1":1,"2":9,"3":5},"b":{"0":[1,1],"1":[3,6],"2":[9,9],"3":[2,1],"4":[3,3],"5":[2,1],"6":[1,2]},"meta":{"lastBranch":7,"lastFunction":4,"lastStatement":15,"seen":{"s:11:17:11:Infinity":0,"b:11:17:11:71:11:71:11:Infinity":0,"f:15:22:15:40":0,"s:17:2:25:Infinity":1,"s:18:4:22:Infinity":2,"s:24:4:24:Infinity":3,"s:26:2:26:Infinity":4,"f:26:61:26:73":1,"s:26:73:26:77":5,"f:30:16:30:29":2,"b:31:2:34:Infinity:undefined:undefined:undefined:undefined":1,"s:31:2:34:Infinity":6,"b:31:6:31:23:31:23:31:37":2,"s:32:19:32:Infinity":7,"s:33:4:33:Infinity":8,"b:33:28:33:66:33:66:33:Infinity":3,"s:35:16:35:Infinity":9,"b:36:2:39:Infinity:undefined:undefined:undefined:undefined":4,"s:36:2:39:Infinity":10,"s:37:33:37:Infinity":11,"s:38:4:38:Infinity":12,"b:38:43:38:99:38:99:38:107":5,"s:41:2:41:Infinity":13,"b:41:48:41:71:41:71:41:89":6,"f:44:16:44:26":3,"s:45:2:45:Infinity":14},"fnNames":{}}}
,"/Users/jbethuel/Documents/personal/shouldi/apps/extension/lib/messages.ts": {"path":"/Users/jbethuel/Documents/personal/shouldi/apps/extension/lib/messages.ts","statementMap":{"0":{"start":{"line":3,"column":24},"end":{"line":11,"column":null}},"1":{"start":{"line":13,"column":29},"end":{"line":20,"column":null}}},"fnMap":{},"branchMap":{},"s":{"0":4,"1":4},"f":{},"b":{},"meta":{"lastBranch":0,"lastFunction":0,"lastStatement":2,"seen":{"s:3:24:11:Infinity":0,"s:13:29:20:Infinity":1},"fnNames":{}}}
,"/Users/jbethuel/Documents/personal/shouldi/apps/extension/lib/page.ts": {"path":"/Users/jbethuel/Documents/personal/shouldi/apps/extension/lib/page.ts","statementMap":{"0":{"start":{"line":19,"column":16},"end":{"line":19,"column":null}},"1":{"start":{"line":20,"column":2},"end":{"line":20,"column":null}},"2":{"start":{"line":20,"column":29},"end":{"line":20,"column":null}},"3":{"start":{"line":21,"column":2},"end":{"line":33,"column":null}},"4":{"start":{"line":22,"column":24},"end":{"line":25,"column":null}},"5":{"start":{"line":26,"column":17},"end":{"line":26,"column":null}},"6":{"start":{"line":27,"column":4},"end":{"line":27,"column":null}},"7":{"start":{"line":27,"column":15},"end":{"line":27,"column":null}},"8":{"start":{"line":28,"column":16},"end":{"line":28,"column":null}},"9":{"start":{"line":29,"column":4},"end":{"line":29,"column":null}},"10":{"start":{"line":32,"column":4},"end":{"line":32,"column":null}}},"fnMap":{"0":{"name":"readActiveTab","decl":{"start":{"line":18,"column":22},"end":{"line":18,"column":63}},"loc":{"start":{"line":18,"column":63},"end":{"line":34,"column":null}},"line":18}},"branchMap":{"0":{"loc":{"start":{"line":20,"column":2},"end":{"line":20,"column":null}},"type":"if","locations":[{"start":{"line":20,"column":2},"end":{"line":20,"column":null}},{"start":{},"end":{}}],"line":20},"1":{"loc":{"start":{"line":27,"column":4},"end":{"line":27,"column":null}},"type":"if","locations":[{"start":{"line":27,"column":4},"end":{"line":27,"column":null}},{"start":{},"end":{}}],"line":27},"2":{"loc":{"start":{"line":29,"column":28},"end":{"line":29,"column":81}},"type":"cond-expr","locations":[{"start":{"line":29,"column":34},"end":{"line":29,"column":70}},{"start":{"line":29,"column":70},"end":{"line":29,"column":81}}],"line":29}},"s":{"0":5,"1":5,"2":1,"3":4,"4":4,"5":3,"6":5,"7":1,"8":2,"9":2,"10":1},"f":{"0":5},"b":{"0":[1,4],"1":[1,4],"2":[1,1]},"meta":{"lastBranch":3,"lastFunction":1,"lastStatement":11,"seen":{"f:18:22:18:63":0,"s:19:16:19:Infinity":0,"b:20:2:20:Infinity:undefined:undefined:undefined:undefined":0,"s:20:2:20:Infinity":1,"s:20:29:20:Infinity":2,"s:21:2:33:Infinity":3,"s:22:24:25:Infinity":4,"s:26:17:26:Infinity":5,"b:27:4:27:Infinity:undefined:undefined:undefined:undefined":1,"s:27:4:27:Infinity":6,"s:27:15:27:Infinity":7,"s:28:16:28:Infinity":8,"s:29:4:29:Infinity":9,"b:29:34:29:70:29:70:29:81":2,"s:32:4:32:Infinity":10},"fnNames":{}}}
,"/Users/jbethuel/Documents/personal/shouldi/apps/extension/lib/pdf.ts": {"path":"/Users/jbethuel/Documents/personal/shouldi/apps/extension/lib/pdf.ts","statementMap":{"0":{"start":{"line":4,"column":0},"end":{"line":4,"column":null}},"1":{"start":{"line":8,"column":15},"end":{"line":8,"column":null}},"2":{"start":{"line":9,"column":14},"end":{"line":9,"column":null}},"3":{"start":{"line":10,"column":26},"end":{"line":10,"column":null}},"4":{"start":{"line":11,"column":2},"end":{"line":20,"column":null}},"5":{"start":{"line":11,"column":15},"end":{"line":11,"column":18}},"6":{"start":{"line":12,"column":17},"end":{"line":12,"column":null}},"7":{"start":{"line":13,"column":20},"end":{"line":13,"column":null}},"8":{"start":{"line":14,"column":15},"end":{"line":14,"column":null}},"9":{"start":{"line":15,"column":4},"end":{"line":18,"column":null}},"10":{"start":{"line":16,"column":6},"end":{"line":16,"column":null}},"11":{"start":{"line":16,"column":28},"end":{"line":16,"column":null}},"12":{"start":{"line":17,"column":6},"end":{"line":17,"column":null}},"13":{"start":{"line":19,"column":4},"end":{"line":19,"column":null}},"14":{"start":{"line":21,"column":2},"end":{"line":21,"column":null}},"15":{"start":{"line":22,"column":2},"end":{"line":27,"column":null}}},"fnMap":{"0":{"name":"pdfToText","decl":{"start":{"line":7,"column":22},"end":{"line":7,"column":32}},"loc":{"start":{"line":7,"column":61},"end":{"line":28,"column":null}},"line":7}},"branchMap":{"0":{"loc":{"start":{"line":16,"column":6},"end":{"line":16,"column":null}},"type":"if","locations":[{"start":{"line":16,"column":6},"end":{"line":16,"column":null}},{"start":{},"end":{}}],"line":16},"1":{"loc":{"start":{"line":17,"column":26},"end":{"line":17,"column":null}},"type":"cond-expr","locations":[{"start":{"line":17,"column":40},"end":{"line":17,"column":47}},{"start":{"line":17,"column":47},"end":{"line":17,"column":null}}],"line":17}},"s":{"0":1,"1":4,"2":4,"3":4,"4":4,"5":4,"6":6,"7":6,"8":6,"9":6,"10":8,"11":1,"12":7,"13":6,"14":4,"15":4},"f":{"0":4},"b":{"0":[1,7],"1":[4,3]},"meta":{"lastBranch":2,"lastFunction":1,"lastStatement":16,"seen":{"s:4:0:4:Infinity":0,"f:7:22:7:32":0,"s:8:15:8:Infinity":1,"s:9:14:9:Infinity":2,"s:10:26:10:Infinity":3,"s:11:2:20:Infinity":4,"s:11:15:11:18":5,"s:12:17:12:Infinity":6,"s:13:20:13:Infinity":7,"s:14:15:14:Infinity":8,"s:15:4:18:Infinity":9,"b:16:6:16:Infinity:undefined:undefined:undefined:undefined":0,"s:16:6:16:Infinity":10,"s:16:28:16:Infinity":11,"s:17:6:17:Infinity":12,"b:17:40:17:47:17:47:17:Infinity":1,"s:19:4:19:Infinity":13,"s:21:2:21:Infinity":14,"s:22:2:27:Infinity":15},"fnNames":{}}}
,"/Users/jbethuel/Documents/personal/shouldi/apps/extension/lib/redact.ts": {"path":"/Users/jbethuel/Documents/personal/shouldi/apps/extension/lib/redact.ts","statementMap":{"0":{"start":{"line":1,"column":23},"end":{"line":1,"column":null}},"1":{"start":{"line":3,"column":14},"end":{"line":3,"column":null}},"2":{"start":{"line":5,"column":24},"end":{"line":5,"column":null}},"3":{"start":{"line":10,"column":2},"end":{"line":10,"column":null}},"4":{"start":{"line":14,"column":24},"end":{"line":14,"column":null}},"5":{"start":{"line":21,"column":15},"end":{"line":28,"column":null}},"6":{"start":{"line":26,"column":21},"end":{"line":26,"column":null}},"7":{"start":{"line":27,"column":6},"end":{"line":27,"column":null}},"8":{"start":{"line":32,"column":16},"end":{"line":32,"column":null}},"9":{"start":{"line":32,"column":58},"end":{"line":32,"column":74}},"10":{"start":{"line":33,"column":2},"end":{"line":37,"column":null}},"11":{"start":{"line":34,"column":4},"end":{"line":36,"column":null}},"12":{"start":{"line":35,"column":6},"end":{"line":35,"column":null}},"13":{"start":{"line":40,"column":2},"end":{"line":40,"column":null}},"14":{"start":{"line":45,"column":15},"end":{"line":45,"column":null}},"15":{"start":{"line":46,"column":16},"end":{"line":46,"column":null}},"16":{"start":{"line":47,"column":2},"end":{"line":47,"column":null}},"17":{"start":{"line":51,"column":2},"end":{"line":51,"column":null}},"18":{"start":{"line":55,"column":2},"end":{"line":55,"column":null}}},"fnMap":{"0":{"name":"redact","decl":{"start":{"line":20,"column":16},"end":{"line":20,"column":23}},"loc":{"start":{"line":20,"column":59},"end":{"line":41,"column":null}},"line":20},"1":{"name":"(anonymous_1)","decl":{"start":{"line":25,"column":13},"end":{"line":25,"column":31}},"loc":{"start":{"line":25,"column":41},"end":{"line":28,"column":5}},"line":25},"2":{"name":"(anonymous_2)","decl":{"start":{"line":32,"column":41},"end":{"line":32,"column":49}},"loc":{"start":{"line":32,"column":58},"end":{"line":32,"column":74}},"line":32},"3":{"name":"keepEdges","decl":{"start":{"line":44,"column":9},"end":{"line":44,"column":19}},"loc":{"start":{"line":44,"column":63},"end":{"line":48,"column":null}},"line":44},"4":{"name":"escape","decl":{"start":{"line":50,"column":9},"end":{"line":50,"column":16}},"loc":{"start":{"line":50,"column":39},"end":{"line":52,"column":null}},"line":50},"5":{"name":"capitalize","decl":{"start":{"line":54,"column":9},"end":{"line":54,"column":20}},"loc":{"start":{"line":54,"column":43},"end":{"line":56,"column":null}},"line":54}},"branchMap":{"0":{"loc":{"start":{"line":27,"column":13},"end":{"line":27,"column":null}},"type":"cond-expr","locations":[{"start":{"line":27,"column":43},"end":{"line":27,"column":71}},{"start":{"line":27,"column":71},"end":{"line":27,"column":null}}],"line":27},"1":{"loc":{"start":{"line":27,"column":13},"end":{"line":27,"column":43}},"type":"binary-expr","locations":[{"start":{"line":27,"column":13},"end":{"line":27,"column":28}},{"start":{"line":27,"column":28},"end":{"line":27,"column":43}}],"line":27},"2":{"loc":{"start":{"line":45,"column":15},"end":{"line":45,"column":null}},"type":"binary-expr","locations":[{"start":{"line":45,"column":15},"end":{"line":45,"column":43}},{"start":{"line":45,"column":43},"end":{"line":45,"column":null}}],"line":45},"3":{"loc":{"start":{"line":46,"column":16},"end":{"line":46,"column":null}},"type":"binary-expr","locations":[{"start":{"line":46,"column":16},"end":{"line":46,"column":44}},{"start":{"line":46,"column":44},"end":{"line":46,"column":null}}],"line":46}},"s":{"0":3,"1":3,"2":3,"3":3,"4":3,"5":67,"6":9,"7":9,"8":67,"9":89,"10":67,"11":44,"12":92,"13":67,"14":6,"15":6,"16":6,"17":92,"18":44},"f":{"0":67,"1":9,"2":89,"3":6,"4":92,"5":44},"b":{"0":[6,3],"1":[9,6],"2":[6,0],"3":[6,0]},"meta":{"lastBranch":4,"lastFunction":6,"lastStatement":19,"seen":{"s:1:23:1:Infinity":0,"s:3:14:3:Infinity":1,"s:5:24:5:Infinity":2,"s:10:2:10:Infinity":3,"s:14:24:14:Infinity":4,"f:20:16:20:23":0,"s:21:15:28:Infinity":5,"f:25:13:25:31":1,"s:26:21:26:Infinity":6,"s:27:6:27:Infinity":7,"b:27:43:27:71:27:71:27:Infinity":0,"b:27:13:27:28:27:28:27:43":1,"s:32:16:32:Infinity":8,"f:32:41:32:49":2,"s:32:58:32:74":9,"s:33:2:37:Infinity":10,"s:34:4:36:Infinity":11,"s:35:6:35:Infinity":12,"s:40:2:40:Infinity":13,"f:44:9:44:19":3,"s:45:15:45:Infinity":14,"b:45:15:45:43:45:43:45:Infinity":2,"s:46:16:46:Infinity":15,"b:46:16:46:44:46:44:46:Infinity":3,"s:47:2:47:Infinity":16,"f:50:9:50:16":4,"s:51:2:51:Infinity":17,"f:54:9:54:20":5,"s:55:2:55:Infinity":18},"fnNames":{}}}
,"/Users/jbethuel/Documents/personal/shouldi/apps/extension/lib/storage.ts": {"path":"/Users/jbethuel/Documents/personal/shouldi/apps/extension/lib/storage.ts","statementMap":{"0":{"start":{"line":12,"column":21},"end":{"line":12,"column":null}},"1":{"start":{"line":13,"column":23},"end":{"line":13,"column":null}},"2":{"start":{"line":16,"column":17},"end":{"line":16,"column":null}},"3":{"start":{"line":17,"column":2},"end":{"line":20,"column":null}},"4":{"start":{"line":24,"column":2},"end":{"line":24,"column":null}},"5":{"start":{"line":29,"column":17},"end":{"line":29,"column":null}},"6":{"start":{"line":30,"column":2},"end":{"line":30,"column":null}},"7":{"start":{"line":30,"column":50},"end":{"line":30,"column":null}},"8":{"start":{"line":31,"column":13},"end":{"line":31,"column":null}},"9":{"start":{"line":32,"column":2},"end":{"line":32,"column":null}},"10":{"start":{"line":33,"column":2},"end":{"line":33,"column":null}},"11":{"start":{"line":38,"column":2},"end":{"line":38,"column":null}},"12":{"start":{"line":47,"column":6},"end":{"line":47,"column":null}},"13":{"start":{"line":47,"column":37},"end":{"line":47,"column":null}},"14":{"start":{"line":50,"column":14},"end":{"line":50,"column":null}},"15":{"start":{"line":51,"column":8},"end":{"line":51,"column":null}},"16":{"start":{"line":52,"column":2},"end":{"line":52,"column":null}},"17":{"start":{"line":56,"column":2},"end":{"line":56,"column":null}},"18":{"start":{"line":60,"column":2},"end":{"line":60,"column":null}}},"fnMap":{"0":{"name":"loadProfile","decl":{"start":{"line":15,"column":22},"end":{"line":15,"column":54}},"loc":{"start":{"line":15,"column":54},"end":{"line":21,"column":null}},"line":15},"1":{"name":"saveProfile","decl":{"start":{"line":23,"column":22},"end":{"line":23,"column":34}},"loc":{"start":{"line":23,"column":67},"end":{"line":25,"column":null}},"line":23},"2":{"name":"getInstallId","decl":{"start":{"line":28,"column":22},"end":{"line":28,"column":54}},"loc":{"start":{"line":28,"column":54},"end":{"line":34,"column":null}},"line":28},"3":{"name":"deleteAllData","decl":{"start":{"line":37,"column":22},"end":{"line":37,"column":53}},"loc":{"start":{"line":37,"column":53},"end":{"line":39,"column":null}},"line":37},"4":{"name":"(anonymous_4)","decl":{"start":{"line":47,"column":6},"end":{"line":47,"column":19}},"loc":{"start":{"line":47,"column":37},"end":{"line":47,"column":null}},"line":47},"5":{"name":"loadCachedResult","decl":{"start":{"line":49,"column":22},"end":{"line":49,"column":39}},"loc":{"start":{"line":49,"column":116},"end":{"line":53,"column":null}},"line":49},"6":{"name":"saveCachedResult","decl":{"start":{"line":55,"column":22},"end":{"line":55,"column":39}},"loc":{"start":{"line":55,"column":91},"end":{"line":57,"column":null}},"line":55},"7":{"name":"removeCachedResult","decl":{"start":{"line":59,"column":22},"end":{"line":59,"column":41}},"loc":{"start":{"line":59,"column":71},"end":{"line":61,"column":null}},"line":59}},"branchMap":{"0":{"loc":{"start":{"line":18,"column":16},"end":{"line":18,"column":null}},"type":"cond-expr","locations":[{"start":{"line":18,"column":56},"end":{"line":18,"column":76}},{"start":{"line":18,"column":76},"end":{"line":18,"column":null}}],"line":18},"1":{"loc":{"start":{"line":19,"column":17},"end":{"line":19,"column":null}},"type":"cond-expr","locations":[{"start":{"line":19,"column":58},"end":{"line":19,"column":79}},{"start":{"line":19,"column":79},"end":{"line":19,"column":null}}],"line":19},"2":{"loc":{"start":{"line":30,"column":2},"end":{"line":30,"column":null}},"type":"if","locations":[{"start":{"line":30,"column":2},"end":{"line":30,"column":null}},{"start":{},"end":{}}],"line":30},"3":{"loc":{"start":{"line":52,"column":9},"end":{"line":52,"column":null}},"type":"cond-expr","locations":[{"start":{"line":52,"column":70},"end":{"line":52,"column":88}},{"start":{"line":52,"column":88},"end":{"line":52,"column":null}}],"line":52},"4":{"loc":{"start":{"line":52,"column":9},"end":{"line":52,"column":70}},"type":"binary-expr","locations":[{"start":{"line":52,"column":9},"end":{"line":52,"column":19}},{"start":{"line":52,"column":19},"end":{"line":52,"column":41}},{"start":{"line":52,"column":41},"end":{"line":52,"column":70}}],"line":52}},"s":{"0":3,"1":3,"2":44,"3":44,"4":19,"5":11,"6":11,"7":2,"8":9,"9":9,"10":9,"11":2,"12":3,"13":28,"14":15,"15":15,"16":15,"17":11,"18":2},"f":{"0":44,"1":19,"2":11,"3":2,"4":28,"5":15,"6":11,"7":2},"b":{"0":[32,12],"1":[32,12],"2":[2,9],"3":[4,11],"4":[15,6,5]},"meta":{"lastBranch":5,"lastFunction":8,"lastStatement":19,"seen":{"s:12:21:12:Infinity":0,"s:13:23:13:Infinity":1,"f:15:22:15:54":0,"s:16:17:16:Infinity":2,"s:17:2:20:Infinity":3,"b:18:56:18:76:18:76:18:Infinity":0,"b:19:58:19:79:19:79:19:Infinity":1,"f:23:22:23:34":1,"s:24:2:24:Infinity":4,"f:28:22:28:54":2,"s:29:17:29:Infinity":5,"b:30:2:30:Infinity:undefined:undefined:undefined:undefined":2,"s:30:2:30:Infinity":6,"s:30:50:30:Infinity":7,"s:31:13:31:Infinity":8,"s:32:2:32:Infinity":9,"s:33:2:33:Infinity":10,"f:37:22:37:53":3,"s:38:2:38:Infinity":11,"s:47:6:47:Infinity":12,"f:47:6:47:19":4,"s:47:37:47:Infinity":13,"f:49:22:49:39":5,"s:50:14:50:Infinity":14,"s:51:8:51:Infinity":15,"s:52:2:52:Infinity":16,"b:52:70:52:88:52:88:52:Infinity":3,"b:52:9:52:19:52:19:52:41:52:41:52:70":4,"f:55:22:55:39":6,"s:56:2:56:Infinity":17,"f:59:22:59:41":7,"s:60:2:60:Infinity":18},"fnNames":{}}}
}
