<?xml version="1.0" encoding="UTF-8"?>
<coverage generated="1789800902182" clover="3.2.0">
  <project timestamp="1789800902182" name="All files">
    <metrics statements="151" coveredstatements="148" conditionals="94" coveredconditionals="91" methods="54" coveredmethods="53" elements="299" coveredelements="292" complexity="0" loc="151" ncloc="151" packages="3" files="9" classes="9"/>
    <package name="api">
      <metrics statements="8" coveredstatements="5" conditionals="0" coveredconditionals="0" methods="4" coveredmethods="3"/>
      <file name="assess.ts" path="/Users/jbethuel/Documents/personal/shouldi/apps/api/api/assess.ts">
        <metrics statements="8" coveredstatements="5" conditionals="0" coveredconditionals="0" methods="4" coveredmethods="3"/>
        <line num="11" count="1" type="stmt"/>
        <line num="13" count="0" type="stmt"/>
        <line num="14" count="0" type="stmt"/>
        <line num="15" count="0" type="stmt"/>
        <line num="18" count="1" type="stmt"/>
        <line num="19" count="1" type="stmt"/>
        <line num="26" count="1" type="stmt"/>
        <line num="30" count="1" type="stmt"/>
      </file>
    </package>
    <package name="lib">
      <metrics statements="128" coveredstatements="128" conditionals="84" coveredconditionals="82" methods="45" coveredmethods="45"/>
      <file name="compose.ts" path="/Users/jbethuel/Documents/personal/shouldi/apps/api/lib/compose.ts">
        <metrics statements="25" coveredstatements="25" conditionals="15" coveredconditionals="14" methods="11" coveredmethods="11"/>
        <line num="17" count="4" type="stmt"/>
        <line num="25" count="4" type="stmt"/>
        <line num="31" count="4" type="stmt"/>
        <line num="32" count="4" type="stmt"/>
        <line num="35" count="4" type="stmt"/>
        <line num="44" count="4" type="stmt"/>
        <line num="47" count="47" type="cond" truecount="1" falsecount="1"/>
        <line num="51" count="16" type="cond" truecount="2" falsecount="0"/>
        <line num="52" count="2" type="stmt"/>
        <line num="55" count="14" type="stmt"/>
        <line num="56" count="14" type="stmt"/>
        <line num="57" count="70" type="stmt"/>
        <line num="58" count="70" type="cond" truecount="2" falsecount="0"/>
        <line num="59" count="70" type="stmt"/>
        <line num="60" count="70" type="stmt"/>
        <line num="64" count="70" type="stmt"/>
        <line num="65" count="14" type="stmt"/>
        <line num="66" count="70" type="stmt"/>
        <line num="67" count="60" type="stmt"/>
        <line num="68" count="14" type="stmt"/>
        <line num="70" count="14" type="stmt"/>
        <line num="71" count="89" type="cond" truecount="3" falsecount="0"/>
        <line num="72" count="70" type="stmt"/>
        <line num="80" count="14" type="stmt"/>
        <line num="90" count="70" type="stmt"/>
      </file>
      <file name="config.ts" path="/Users/jbethuel/Documents/personal/shouldi/apps/api/lib/config.ts">
        <metrics statements="16" coveredstatements="16" conditionals="18" coveredconditionals="18" methods="8" coveredmethods="8"/>
        <line num="4" count="5" type="stmt"/>
        <line num="5" count="5" type="cond" truecount="2" falsecount="0"/>
        <line num="6" count="3" type="stmt"/>
        <line num="10" count="15" type="stmt"/>
        <line num="11" count="15" type="cond" truecount="4" falsecount="0"/>
        <line num="15" count="3" type="stmt"/>
        <line num="23" count="4" type="cond" truecount="2" falsecount="0"/>
        <line num="24" count="4" type="cond" truecount="2" falsecount="0"/>
        <line num="25" count="4" type="cond" truecount="4" falsecount="0"/>
        <line num="26" count="2" type="stmt"/>
        <line num="30" count="3" type="stmt"/>
        <line num="31" count="3" type="stmt"/>
        <line num="32" count="3" type="stmt"/>
        <line num="41" count="2" type="stmt"/>
        <line num="46" count="3" type="stmt"/>
        <line num="47" count="3" type="cond" truecount="2" falsecount="0"/>
      </file>
      <file name="copy.ts" path="/Users/jbethuel/Documents/personal/shouldi/apps/api/lib/copy.ts">
        <metrics statements="7" coveredstatements="7" conditionals="0" coveredconditionals="0" methods="0" coveredmethods="0"/>
        <line num="7" count="4" type="stmt"/>
        <line num="16" count="4" type="stmt"/>
        <line num="54" count="4" type="stmt"/>
        <line num="60" count="4" type="stmt"/>
        <line num="63" count="4" type="stmt"/>
        <line num="65" count="4" type="stmt"/>
        <line num="67" count="4" type="stmt"/>
      </file>
      <file name="handler.ts" path="/Users/jbethuel/Documents/personal/shouldi/apps/api/lib/handler.ts">
        <metrics statements="45" coveredstatements="45" conditionals="41" coveredconditionals="40" methods="10" coveredmethods="10"/>
        <line num="39" count="18" type="cond" truecount="2" falsecount="0"/>
        <line num="40" count="18" type="cond" truecount="2" falsecount="0"/>
        <line num="43" count="24" type="cond" truecount="2" falsecount="0"/>
        <line num="45" count="23" type="cond" truecount="2" falsecount="0"/>
        <line num="46" count="24" type="cond" truecount="2" falsecount="0"/>
        <line num="47" count="21" type="stmt"/>
        <line num="57" count="21" type="stmt"/>
        <line num="64" count="15" type="stmt"/>
        <line num="67" count="15" type="stmt"/>
        <line num="70" count="18" type="stmt"/>
        <line num="72" count="3" type="stmt"/>
        <line num="73" count="3" type="cond" truecount="4" falsecount="0"/>
        <line num="77" count="21" type="stmt"/>
        <line num="78" count="21" type="cond" truecount="2" falsecount="0"/>
        <line num="80" count="20" type="cond" truecount="2" falsecount="0"/>
        <line num="81" count="21" type="cond" truecount="2" falsecount="0"/>
        <line num="82" count="19" type="stmt"/>
        <line num="83" count="19" type="cond" truecount="2" falsecount="0"/>
        <line num="86" count="18" type="stmt"/>
        <line num="87" count="18" type="stmt"/>
        <line num="89" count="1" type="stmt"/>
        <line num="91" count="17" type="stmt"/>
        <line num="92" count="17" type="stmt"/>
        <line num="93" count="17" type="cond" truecount="4" falsecount="0"/>
        <line num="95" count="14" type="stmt"/>
        <line num="96" count="14" type="cond" truecount="3" falsecount="0"/>
        <line num="98" count="21" type="stmt"/>
        <line num="99" count="21" type="stmt"/>
        <line num="100" count="21" type="stmt"/>
        <line num="101" count="12" type="cond" truecount="2" falsecount="0"/>
        <line num="102" count="2" type="stmt"/>
        <line num="103" count="2" type="cond" truecount="2" falsecount="0"/>
        <line num="106" count="10" type="stmt"/>
        <line num="107" count="10" type="stmt"/>
        <line num="111" count="6" type="stmt"/>
        <line num="112" count="6" type="stmt"/>
        <line num="116" count="6" type="stmt"/>
        <line num="117" count="6" type="stmt"/>
        <line num="119" count="4" type="stmt"/>
        <line num="120" count="4" type="stmt"/>
        <line num="123" count="6" type="stmt"/>
        <line num="124" count="6" type="stmt"/>
        <line num="131" count="6" type="cond" truecount="1" falsecount="1"/>
        <line num="135" count="6" type="stmt"/>
        <line num="136" count="6" type="cond" truecount="2" falsecount="0"/>
      </file>
      <file name="jev.ts" path="/Users/jbethuel/Documents/personal/shouldi/apps/api/lib/jev.ts">
        <metrics statements="4" coveredstatements="4" conditionals="1" coveredconditionals="1" methods="2" coveredmethods="2"/>
        <line num="7" count="5" type="stmt"/>
        <line num="17" count="5" type="stmt"/>
        <line num="19" count="6" type="stmt"/>
        <line num="23" count="3" type="stmt"/>
      </file>
      <file name="limits.ts" path="/Users/jbethuel/Documents/personal/shouldi/apps/api/lib/limits.ts">
        <metrics statements="30" coveredstatements="30" conditionals="9" coveredconditionals="9" methods="14" coveredmethods="14"/>
        <line num="14" count="6" type="stmt"/>
        <line num="16" count="1" type="stmt"/>
        <line num="17" count="1" type="stmt"/>
        <line num="20" count="1" type="stmt"/>
        <line num="23" count="1" type="stmt"/>
        <line num="26" count="3" type="cond" truecount="2" falsecount="0"/>
        <line num="47" count="4" type="stmt"/>
        <line num="50" count="86" type="stmt"/>
        <line num="54" count="48" type="stmt"/>
        <line num="59" count="14" type="stmt"/>
        <line num="63" count="47" type="stmt"/>
        <line num="64" count="22" type="stmt"/>
        <line num="65" count="20" type="stmt"/>
        <line num="67" count="22" type="stmt"/>
        <line num="70" count="27" type="stmt"/>
        <line num="71" count="27" type="stmt"/>
        <line num="73" count="27" type="stmt"/>
        <line num="74" count="27" type="cond" truecount="2" falsecount="0"/>
        <line num="75" count="2" type="stmt"/>
        <line num="79" count="25" type="stmt"/>
        <line num="80" count="25" type="stmt"/>
        <line num="81" count="25" type="stmt"/>
        <line num="82" count="25" type="stmt"/>
        <line num="83" count="25" type="stmt"/>
        <line num="84" count="9" type="stmt"/>
        <line num="87" count="25" type="cond" truecount="4" falsecount="0"/>
        <line num="88" count="4" type="stmt"/>
        <line num="89" count="4" type="stmt"/>
        <line num="91" count="21" type="stmt"/>
        <line num="95" count="20" type="stmt"/>
      </file>
      <file name="questions.ts" path="/Users/jbethuel/Documents/personal/shouldi/apps/api/lib/questions.ts">
        <metrics statements="1" coveredstatements="1" conditionals="0" coveredconditionals="0" methods="0" coveredmethods="0"/>
        <line num="6" count="3" type="stmt"/>
      </file>
    </package>
    <package name="test">
      <metrics statements="15" coveredstatements="15" conditionals="10" coveredconditionals="9" methods="5" coveredmethods="5"/>
      <file name="memory-store.ts" path="/Users/jbethuel/Documents/personal/shouldi/apps/api/test/memory-store.ts">
        <metrics statements="15" coveredstatements="15" conditionals="10" coveredconditionals="9" methods="5" coveredmethods="5"/>
        <line num="5" count="22" type="stmt"/>
        <line num="6" count="22" type="stmt"/>
        <line num="7" count="22" type="stmt"/>
        <line num="9" count="22" type="stmt"/>
        <line num="11" count="50" type="cond" truecount="2" falsecount="0"/>
        <line num="12" count="50" type="stmt"/>
        <line num="13" count="50" type="stmt"/>
        <line num="14" count="50" type="stmt"/>
        <line num="17" count="18" type="cond" truecount="1" falsecount="1"/>
        <line num="20" count="20" type="cond" truecount="2" falsecount="0"/>
        <line num="21" count="20" type="cond" truecount="2" falsecount="0"/>
        <line num="22" count="20" type="stmt"/>
        <line num="23" count="20" type="stmt"/>
        <line num="26" count="27" type="cond" truecount="2" falsecount="0"/>
        <line num="30" count="22" type="stmt"/>
      </file>
    </package>
  </project>
</coverage>
