{"/Users/jbethuel/Documents/personal/shouldi/apps/api/api/assess.ts": {"path":"/Users/jbethuel/Documents/personal/shouldi/apps/api/api/assess.ts","statementMap":{"0":{"start":{"line":11,"column":16},"end":{"line":23,"column":null}},"1":{"start":{"line":13,"column":30},"end":{"line":13,"column":45}},"2":{"start":{"line":14,"column":4},"end":{"line":14,"column":null}},"3":{"start":{"line":15,"column":4},"end":{"line":15,"column":null}},"4":{"start":{"line":18,"column":4},"end":{"line":18,"column":null}},"5":{"start":{"line":19,"column":4},"end":{"line":19,"column":null}},"6":{"start":{"line":26,"column":2},"end":{"line":26,"column":null}},"7":{"start":{"line":30,"column":2},"end":{"line":30,"column":null}}},"fnMap":{"0":{"name":"(anonymous_0)","decl":{"start":{"line":12,"column":2},"end":{"line":12,"column":13}},"loc":{"start":{"line":12,"column":13},"end":{"line":16,"column":null}},"line":12},"1":{"name":"(anonymous_1)","decl":{"start":{"line":17,"column":2},"end":{"line":17,"column":16}},"loc":{"start":{"line":17,"column":16},"end":{"line":20,"column":null}},"line":17},"2":{"name":"OPTIONS","decl":{"start":{"line":25,"column":16},"end":{"line":25,"column":24}},"loc":{"start":{"line":25,"column":52},"end":{"line":27,"column":null}},"line":25},"3":{"name":"POST","decl":{"start":{"line":29,"column":16},"end":{"line":29,"column":21}},"loc":{"start":{"line":29,"column":58},"end":{"line":31,"column":null}},"line":29}},"branchMap":{},"s":{"0":1,"1":0,"2":0,"3":0,"4":1,"5":1,"6":1,"7":1},"f":{"0":0,"1":1,"2":1,"3":1},"b":{},"meta":{"lastBranch":0,"lastFunction":4,"lastStatement":8,"seen":{"s:11:16:23:Infinity":0,"f:12:2:12:13":0,"s:13:30:13:45":1,"s:14:4:14:Infinity":2,"s:15:4:15:Infinity":3,"f:17:2:17:16":1,"s:18:4:18:Infinity":4,"s:19:4:19:Infinity":5,"f:25:16:25:24":2,"s:26:2:26:Infinity":6,"f:29:16:29:21":3,"s:30:2:30:Infinity":7},"fnNames":{}}}
,"/Users/jbethuel/Documents/personal/shouldi/apps/api/lib/compose.ts": {"path":"/Users/jbethuel/Documents/personal/shouldi/apps/api/lib/compose.ts","statementMap":{"0":{"start":{"line":17,"column":52},"end":{"line":23,"column":null}},"1":{"start":{"line":25,"column":72},"end":{"line":29,"column":null}},"2":{"start":{"line":31,"column":18},"end":{"line":31,"column":null}},"3":{"start":{"line":32,"column":12},"end":{"line":32,"column":null}},"4":{"start":{"line":35,"column":22},"end":{"line":41,"column":null}},"5":{"start":{"line":44,"column":22},"end":{"line":44,"column":null}},"6":{"start":{"line":47,"column":2},"end":{"line":47,"column":null}},"7":{"start":{"line":47,"column":28},"end":{"line":47,"column":42}},"8":{"start":{"line":51,"column":2},"end":{"line":53,"column":null}},"9":{"start":{"line":52,"column":4},"end":{"line":52,"column":null}},"10":{"start":{"line":55,"column":14},"end":{"line":55,"column":null}},"11":{"start":{"line":56,"column":17},"end":{"line":61,"column":null}},"12":{"start":{"line":57,"column":22},"end":{"line":57,"column":null}},"13":{"start":{"line":58,"column":19},"end":{"line":58,"column":null}},"14":{"start":{"line":59,"column":18},"end":{"line":59,"column":null}},"15":{"start":{"line":60,"column":4},"end":{"line":60,"column":null}},"16":{"start":{"line":64,"column":23},"end":{"line":64,"column":null}},"17":{"start":{"line":64,"column":44},"end":{"line":64,"column":52}},"18":{"start":{"line":64,"column":73},"end":{"line":64,"column":94}},"19":{"start":{"line":65,"column":16},"end":{"line":67,"column":null}},"20":{"start":{"line":66,"column":19},"end":{"line":66,"column":27}},"21":{"start":{"line":67,"column":24},"end":{"line":67,"column":86}},"22":{"start":{"line":68,"column":18},"end":{"line":68,"column":null}},"23":{"start":{"line":70,"column":38},"end":{"line":78,"column":null}},"24":{"start":{"line":71,"column":20},"end":{"line":71,"column":109}},"25":{"start":{"line":72,"column":17},"end":{"line":78,"column":6}},"26":{"start":{"line":80,"column":2},"end":{"line":86,"column":null}},"27":{"start":{"line":90,"column":2},"end":{"line":90,"column":null}}},"fnMap":{"0":{"name":"labelFor","decl":{"start":{"line":46,"column":16},"end":{"line":46,"column":25}},"loc":{"start":{"line":46,"column":65},"end":{"line":48,"column":null}},"line":46},"1":{"name":"(anonymous_1)","decl":{"start":{"line":47,"column":16},"end":{"line":47,"column":22}},"loc":{"start":{"line":47,"column":28},"end":{"line":47,"column":42}},"line":47},"2":{"name":"compose","decl":{"start":{"line":50,"column":16},"end":{"line":50,"column":24}},"loc":{"start":{"line":50,"column":76},"end":{"line":87,"column":null}},"line":50},"3":{"name":"(anonymous_3)","decl":{"start":{"line":56,"column":21},"end":{"line":56,"column":26}},"loc":{"start":{"line":56,"column":33},"end":{"line":61,"column":3}},"line":56},"4":{"name":"(anonymous_4)","decl":{"start":{"line":64,"column":30},"end":{"line":64,"column":38}},"loc":{"start":{"line":64,"column":44},"end":{"line":64,"column":52}},"line":64},"5":{"name":"(anonymous_5)","decl":{"start":{"line":64,"column":54},"end":{"line":64,"column":62}},"loc":{"start":{"line":64,"column":73},"end":{"line":64,"column":94}},"line":64},"6":{"name":"(anonymous_6)","decl":{"start":{"line":66,"column":5},"end":{"line":66,"column":13}},"loc":{"start":{"line":66,"column":19},"end":{"line":66,"column":27}},"line":66},"7":{"name":"(anonymous_7)","decl":{"start":{"line":67,"column":5},"end":{"line":67,"column":13}},"loc":{"start":{"line":67,"column":24},"end":{"line":67,"column":86}},"line":67},"8":{"name":"(anonymous_8)","decl":{"start":{"line":71,"column":5},"end":{"line":71,"column":11}},"loc":{"start":{"line":71,"column":20},"end":{"line":71,"column":109}},"line":71},"9":{"name":"(anonymous_9)","decl":{"start":{"line":72,"column":5},"end":{"line":72,"column":10}},"loc":{"start":{"line":72,"column":17},"end":{"line":78,"column":6}},"line":72},"10":{"name":"clamp","decl":{"start":{"line":89,"column":9},"end":{"line":89,"column":15}},"loc":{"start":{"line":89,"column":64},"end":{"line":91,"column":null}},"line":89}},"branchMap":{"0":{"loc":{"start":{"line":47,"column":9},"end":{"line":47,"column":null}},"type":"binary-expr","locations":[{"start":{"line":47,"column":9},"end":{"line":47,"column":47}},{"start":{"line":47,"column":47},"end":{"line":47,"column":null}}],"line":47},"1":{"loc":{"start":{"line":51,"column":2},"end":{"line":53,"column":null}},"type":"if","locations":[{"start":{"line":51,"column":2},"end":{"line":53,"column":null}},{"start":{},"end":{}}],"line":51},"2":{"loc":{"start":{"line":58,"column":19},"end":{"line":58,"column":null}},"type":"binary-expr","locations":[{"start":{"line":58,"column":19},"end":{"line":58,"column":47}},{"start":{"line":58,"column":47},"end":{"line":58,"column":null}}],"line":58},"3":{"loc":{"start":{"line":71,"column":20},"end":{"line":71,"column":109}},"type":"binary-expr","locations":[{"start":{"line":71,"column":20},"end":{"line":71,"column":59}},{"start":{"line":71,"column":59},"end":{"line":71,"column":80}},{"start":{"line":71,"column":80},"end":{"line":71,"column":109}}],"line":71},"4":{"loc":{"start":{"line":76,"column":13},"end":{"line":76,"column":null}},"type":"cond-expr","locations":[{"start":{"line":76,"column":24},"end":{"line":76,"column":38}},{"start":{"line":76,"column":38},"end":{"line":76,"column":null}}],"line":76},"5":{"loc":{"start":{"line":77,"column":16},"end":{"line":77,"column":null}},"type":"cond-expr","locations":[{"start":{"line":77,"column":27},"end":{"line":77,"column":65}},{"start":{"line":77,"column":65},"end":{"line":77,"column":null}}],"line":77},"6":{"loc":{"start":{"line":85,"column":9},"end":{"line":85,"column":null}},"type":"cond-expr","locations":[{"start":{"line":85,"column":42},"end":{"line":85,"column":48}},{"start":{"line":85,"column":48},"end":{"line":85,"column":null}}],"line":85}},"s":{"0":4,"1":4,"2":4,"3":4,"4":4,"5":4,"6":21,"7":47,"8":16,"9":2,"10":14,"11":14,"12":70,"13":70,"14":70,"15":70,"16":14,"17":70,"18":60,"19":14,"20":70,"21":60,"22":14,"23":14,"24":89,"25":70,"26":14,"27":70},"f":{"0":21,"1":47,"2":16,"3":70,"4":70,"5":60,"6":70,"7":60,"8":89,"9":70,"10":70},"b":{"0":[21,0],"1":[2,14],"2":[70,42],"3":[89,75,28],"4":[60,10],"5":[60,10],"6":[4,10]},"meta":{"lastBranch":7,"lastFunction":11,"lastStatement":28,"seen":{"s:17:52:23:Infinity":0,"s:25:72:29:Infinity":1,"s:31:18:31:Infinity":2,"s:32:12:32:Infinity":3,"s:35:22:41:Infinity":4,"s:44:22:44:Infinity":5,"f:46:16:46:25":0,"s:47:2:47:Infinity":6,"b:47:9:47:47:47:47:47:Infinity":0,"f:47:16:47:22":1,"s:47:28:47:42":7,"f:50:16:50:24":2,"b:51:2:53:Infinity:undefined:undefined:undefined:undefined":1,"s:51:2:53:Infinity":8,"s:52:4:52:Infinity":9,"s:55:14:55:Infinity":10,"s:56:17:61:Infinity":11,"f:56:21:56:26":3,"s:57:22:57:Infinity":12,"s:58:19:58:Infinity":13,"b:58:19:58:47:58:47:58:Infinity":2,"s:59:18:59:Infinity":14,"s:60:4:60:Infinity":15,"s:64:23:64:Infinity":16,"f:64:30:64:38":4,"s:64:44:64:52":17,"f:64:54:64:62":5,"s:64:73:64:94":18,"s:65:16:67:Infinity":19,"f:66:5:66:13":6,"s:66:19:66:27":20,"f:67:5:67:13":7,"s:67:24:67:86":21,"s:68:18:68:Infinity":22,"s:70:38:78:Infinity":23,"f:71:5:71:11":8,"s:71:20:71:109":24,"b:71:20:71:59:71:59:71:80:71:80:71:109":3,"f:72:5:72:10":9,"s:72:17:78:6":25,"b:76:24:76:38:76:38:76:Infinity":4,"b:77:27:77:65:77:65:77:Infinity":5,"s:80:2:86:Infinity":26,"b:85:42:85:48:85:48:85:Infinity":6,"f:89:9:89:15":10,"s:90:2:90:Infinity":27},"fnNames":{}}}
,"/Users/jbethuel/Documents/personal/shouldi/apps/api/lib/config.ts": {"path":"/Users/jbethuel/Documents/personal/shouldi/apps/api/lib/config.ts","statementMap":{"0":{"start":{"line":4,"column":16},"end":{"line":4,"column":null}},"1":{"start":{"line":5,"column":2},"end":{"line":5,"column":null}},"2":{"start":{"line":5,"column":14},"end":{"line":5,"column":null}},"3":{"start":{"line":6,"column":2},"end":{"line":6,"column":null}},"4":{"start":{"line":10,"column":16},"end":{"line":10,"column":null}},"5":{"start":{"line":11,"column":2},"end":{"line":11,"column":null}},"6":{"start":{"line":15,"column":2},"end":{"line":18,"column":null}},"7":{"start":{"line":23,"column":14},"end":{"line":23,"column":null}},"8":{"start":{"line":24,"column":16},"end":{"line":24,"column":null}},"9":{"start":{"line":25,"column":2},"end":{"line":25,"column":null}},"10":{"start":{"line":25,"column":22},"end":{"line":25,"column":null}},"11":{"start":{"line":26,"column":2},"end":{"line":26,"column":null}},"12":{"start":{"line":30,"column":23},"end":{"line":30,"column":null}},"13":{"start":{"line":31,"column":35},"end":{"line":31,"column":null}},"14":{"start":{"line":32,"column":2},"end":{"line":37,"column":null}},"15":{"start":{"line":41,"column":2},"end":{"line":41,"column":null}},"16":{"start":{"line":46,"column":14},"end":{"line":46,"column":null}},"17":{"start":{"line":47,"column":2},"end":{"line":47,"column":null}},"18":{"start":{"line":47,"column":41},"end":{"line":47,"column":49}}},"fnMap":{"0":{"name":"required","decl":{"start":{"line":3,"column":9},"end":{"line":3,"column":18}},"loc":{"start":{"line":3,"column":40},"end":{"line":7,"column":null}},"line":3},"1":{"name":"number","decl":{"start":{"line":9,"column":9},"end":{"line":9,"column":16}},"loc":{"start":{"line":9,"column":56},"end":{"line":12,"column":null}},"line":9},"2":{"name":"typesafeConfig","decl":{"start":{"line":14,"column":16},"end":{"line":14,"column":33}},"loc":{"start":{"line":14,"column":33},"end":{"line":19,"column":null}},"line":14},"3":{"name":"redisConfig","decl":{"start":{"line":22,"column":16},"end":{"line":22,"column":30}},"loc":{"start":{"line":22,"column":30},"end":{"line":27,"column":null}},"line":22},"4":{"name":"limitConfig","decl":{"start":{"line":29,"column":16},"end":{"line":29,"column":43}},"loc":{"start":{"line":29,"column":43},"end":{"line":38,"column":null}},"line":29},"5":{"name":"ipHashSecret","decl":{"start":{"line":40,"column":16},"end":{"line":40,"column":39}},"loc":{"start":{"line":40,"column":39},"end":{"line":42,"column":null}},"line":40},"6":{"name":"allowedOrigins","decl":{"start":{"line":45,"column":16},"end":{"line":45,"column":50}},"loc":{"start":{"line":45,"column":50},"end":{"line":48,"column":null}},"line":45},"7":{"name":"(anonymous_7)","decl":{"start":{"line":47,"column":30},"end":{"line":47,"column":35}},"loc":{"start":{"line":47,"column":41},"end":{"line":47,"column":49}},"line":47}},"branchMap":{"0":{"loc":{"start":{"line":5,"column":2},"end":{"line":5,"column":null}},"type":"if","locations":[{"start":{"line":5,"column":2},"end":{"line":5,"column":null}},{"start":{},"end":{}}],"line":5},"1":{"loc":{"start":{"line":11,"column":9},"end":{"line":11,"column":null}},"type":"cond-expr","locations":[{"start":{"line":11,"column":47},"end":{"line":11,"column":55}},{"start":{"line":11,"column":55},"end":{"line":11,"column":null}}],"line":11},"2":{"loc":{"start":{"line":11,"column":9},"end":{"line":11,"column":47}},"type":"binary-expr","locations":[{"start":{"line":11,"column":9},"end":{"line":11,"column":35}},{"start":{"line":11,"column":35},"end":{"line":11,"column":47}}],"line":11},"3":{"loc":{"start":{"line":17,"column":11},"end":{"line":17,"column":null}},"type":"binary-expr","locations":[{"start":{"line":17,"column":11},"end":{"line":17,"column":49}},{"start":{"line":17,"column":49},"end":{"line":17,"column":null}}],"line":17},"4":{"loc":{"start":{"line":23,"column":14},"end":{"line":23,"column":null}},"type":"binary-expr","locations":[{"start":{"line":23,"column":14},"end":{"line":23,"column":52}},{"start":{"line":23,"column":52},"end":{"line":23,"column":null}}],"line":23},"5":{"loc":{"start":{"line":24,"column":16},"end":{"line":24,"column":null}},"type":"binary-expr","locations":[{"start":{"line":24,"column":16},"end":{"line":24,"column":56}},{"start":{"line":24,"column":56},"end":{"line":24,"column":null}}],"line":24},"6":{"loc":{"start":{"line":25,"column":2},"end":{"line":25,"column":null}},"type":"if","locations":[{"start":{"line":25,"column":2},"end":{"line":25,"column":null}},{"start":{},"end":{}}],"line":25},"7":{"loc":{"start":{"line":25,"column":6},"end":{"line":25,"column":22}},"type":"binary-expr","locations":[{"start":{"line":25,"column":6},"end":{"line":25,"column":14}},{"start":{"line":25,"column":14},"end":{"line":25,"column":22}}],"line":25},"8":{"loc":{"start":{"line":47,"column":9},"end":{"line":47,"column":null}},"type":"cond-expr","locations":[{"start":{"line":47,"column":15},"end":{"line":47,"column":69}},{"start":{"line":47,"column":69},"end":{"line":47,"column":null}}],"line":47}},"s":{"0":5,"1":5,"2":2,"3":3,"4":15,"5":15,"6":3,"7":4,"8":4,"9":4,"10":2,"11":2,"12":3,"13":3,"14":3,"15":2,"16":3,"17":3,"18":3},"f":{"0":5,"1":15,"2":3,"3":4,"4":3,"5":2,"6":3,"7":3},"b":{"0":[2,3],"1":[2,13],"2":[15,8],"3":[3,1],"4":[4,2],"5":[4,3],"6":[2,2],"7":[4,2],"8":[1,2]},"meta":{"lastBranch":9,"lastFunction":8,"lastStatement":19,"seen":{"f:3:9:3:18":0,"s:4:16:4:Infinity":0,"b:5:2:5:Infinity:undefined:undefined:undefined:undefined":0,"s:5:2:5:Infinity":1,"s:5:14:5:Infinity":2,"s:6:2:6:Infinity":3,"f:9:9:9:16":1,"s:10:16:10:Infinity":4,"s:11:2:11:Infinity":5,"b:11:47:11:55:11:55:11:Infinity":1,"b:11:9:11:35:11:35:11:47":2,"f:14:16:14:33":2,"s:15:2:18:Infinity":6,"b:17:11:17:49:17:49:17:Infinity":3,"f:22:16:22:30":3,"s:23:14:23:Infinity":7,"b:23:14:23:52:23:52:23:Infinity":4,"s:24:16:24:Infinity":8,"b:24:16:24:56:24:56:24:Infinity":5,"b:25:2:25:Infinity:undefined:undefined:undefined:undefined":6,"s:25:2:25:Infinity":9,"b:25:6:25:14:25:14:25:22":7,"s:25:22:25:Infinity":10,"s:26:2:26:Infinity":11,"f:29:16:29:43":4,"s:30:23:30:Infinity":12,"s:31:35:31:Infinity":13,"s:32:2:37:Infinity":14,"f:40:16:40:39":5,"s:41:2:41:Infinity":15,"f:45:16:45:50":6,"s:46:14:46:Infinity":16,"s:47:2:47:Infinity":17,"b:47:15:47:69:47:69:47:Infinity":8,"f:47:30:47:35":7,"s:47:41:47:49":18},"fnNames":{}}}
,"/Users/jbethuel/Documents/personal/shouldi/apps/api/lib/copy.ts": {"path":"/Users/jbethuel/Documents/personal/shouldi/apps/api/lib/copy.ts","statementMap":{"0":{"start":{"line":7,"column":60},"end":{"line":13,"column":null}},"1":{"start":{"line":16,"column":107},"end":{"line":52,"column":null}},"2":{"start":{"line":54,"column":74},"end":{"line":58,"column":null}},"3":{"start":{"line":60,"column":19},"end":{"line":60,"column":null}},"4":{"start":{"line":63,"column":2},"end":{"line":63,"column":null}},"5":{"start":{"line":65,"column":24},"end":{"line":65,"column":null}},"6":{"start":{"line":67,"column":57},"end":{"line":75,"column":null}}},"fnMap":{},"branchMap":{},"s":{"0":4,"1":4,"2":4,"3":4,"4":4,"5":4,"6":4},"f":{},"b":{},"meta":{"lastBranch":0,"lastFunction":0,"lastStatement":7,"seen":{"s:7:60:13:Infinity":0,"s:16:107:52:Infinity":1,"s:54:74:58:Infinity":2,"s:60:19:60:Infinity":3,"s:63:2:63:Infinity":4,"s:65:24:65:Infinity":5,"s:67:57:75:Infinity":6},"fnNames":{}}}
,"/Users/jbethuel/Documents/personal/shouldi/apps/api/lib/handler.ts": {"path":"/Users/jbethuel/Documents/personal/shouldi/apps/api/lib/handler.ts","statementMap":{"0":{"start":{"line":39,"column":14},"end":{"line":39,"column":null}},"1":{"start":{"line":39,"column":33},"end":{"line":39,"column":null}},"2":{"start":{"line":40,"column":14},"end":{"line":40,"column":null}},"3":{"start":{"line":40,"column":48},"end":{"line":40,"column":null}},"4":{"start":{"line":43,"column":4},"end":{"line":43,"column":null}},"5":{"start":{"line":43,"column":25},"end":{"line":43,"column":null}},"6":{"start":{"line":45,"column":6},"end":{"line":45,"column":null}},"7":{"start":{"line":46,"column":4},"end":{"line":46,"column":null}},"8":{"start":{"line":46,"column":18},"end":{"line":46,"column":null}},"9":{"start":{"line":47,"column":4},"end":{"line":53,"column":null}},"10":{"start":{"line":57,"column":4},"end":{"line":60,"column":null}},"11":{"start":{"line":64,"column":32},"end":{"line":66,"column":null}},"12":{"start":{"line":67,"column":4},"end":{"line":67,"column":null}},"13":{"start":{"line":70,"column":2},"end":{"line":127,"column":null}},"14":{"start":{"line":72,"column":19},"end":{"line":72,"column":null}},"15":{"start":{"line":73,"column":6},"end":{"line":73,"column":null}},"16":{"start":{"line":77,"column":19},"end":{"line":77,"column":null}},"17":{"start":{"line":78,"column":6},"end":{"line":78,"column":null}},"18":{"start":{"line":78,"column":25},"end":{"line":78,"column":null}},"19":{"start":{"line":80,"column":29},"end":{"line":80,"column":null}},"20":{"start":{"line":81,"column":6},"end":{"line":81,"column":null}},"21":{"start":{"line":81,"column":43},"end":{"line":81,"column":null}},"22":{"start":{"line":82,"column":18},"end":{"line":82,"column":null}},"23":{"start":{"line":83,"column":6},"end":{"line":83,"column":null}},"24":{"start":{"line":83,"column":65},"end":{"line":83,"column":null}},"25":{"start":{"line":86,"column":6},"end":{"line":90,"column":null}},"26":{"start":{"line":87,"column":8},"end":{"line":87,"column":null}},"27":{"start":{"line":89,"column":8},"end":{"line":89,"column":null}},"28":{"start":{"line":91,"column":19},"end":{"line":91,"column":null}},"29":{"start":{"line":92,"column":24},"end":{"line":92,"column":null}},"30":{"start":{"line":93,"column":6},"end":{"line":93,"column":null}},"31":{"start":{"line":93,"column":47},"end":{"line":93,"column":null}},"32":{"start":{"line":95,"column":19},"end":{"line":95,"column":null}},"33":{"start":{"line":96,"column":17},"end":{"line":96,"column":null}},"34":{"start":{"line":98,"column":6},"end":{"line":125,"column":null}},"35":{"start":{"line":99,"column":23},"end":{"line":99,"column":null}},"36":{"start":{"line":100,"column":28},"end":{"line":100,"column":null}},"37":{"start":{"line":101,"column":8},"end":{"line":104,"column":null}},"38":{"start":{"line":102,"column":10},"end":{"line":102,"column":null}},"39":{"start":{"line":103,"column":10},"end":{"line":103,"column":null}},"40":{"start":{"line":106,"column":8},"end":{"line":121,"column":null}},"41":{"start":{"line":107,"column":25},"end":{"line":110,"column":null}},"42":{"start":{"line":111,"column":27},"end":{"line":111,"column":null}},"43":{"start":{"line":112,"column":10},"end":{"line":115,"column":null}},"44":{"start":{"line":116,"column":10},"end":{"line":116,"column":null}},"45":{"start":{"line":117,"column":10},"end":{"line":117,"column":null}},"46":{"start":{"line":119,"column":10},"end":{"line":119,"column":null}},"47":{"start":{"line":120,"column":10},"end":{"line":120,"column":null}},"48":{"start":{"line":123,"column":8},"end":{"line":123,"column":null}},"49":{"start":{"line":124,"column":8},"end":{"line":124,"column":null}},"50":{"start":{"line":131,"column":2},"end":{"line":131,"column":null}},"51":{"start":{"line":135,"column":18},"end":{"line":135,"column":null}},"52":{"start":{"line":136,"column":2},"end":{"line":136,"column":null}}},"fnMap":{"0":{"name":"createAssessHandler","decl":{"start":{"line":38,"column":16},"end":{"line":38,"column":36}},"loc":{"start":{"line":38,"column":55},"end":{"line":128,"column":null}},"line":38},"1":{"name":"(anonymous_1)","decl":{"start":{"line":39,"column":19},"end":{"line":39,"column":33}},"loc":{"start":{"line":39,"column":33},"end":{"line":39,"column":null}},"line":39},"2":{"name":"(anonymous_2)","decl":{"start":{"line":40,"column":19},"end":{"line":40,"column":28}},"loc":{"start":{"line":40,"column":48},"end":{"line":40,"column":null}},"line":40},"3":{"name":"corsHeaders","decl":{"start":{"line":42,"column":11},"end":{"line":42,"column":23}},"loc":{"start":{"line":42,"column":77},"end":{"line":54,"column":null}},"line":42},"4":{"name":"json","decl":{"start":{"line":56,"column":11},"end":{"line":56,"column":16}},"loc":{"start":{"line":56,"column":90},"end":{"line":61,"column":null}},"line":56},"5":{"name":"error","decl":{"start":{"line":63,"column":11},"end":{"line":63,"column":17}},"loc":{"start":{"line":63,"column":109},"end":{"line":68,"column":null}},"line":63},"6":{"name":"OPTIONS","decl":{"start":{"line":71,"column":4},"end":{"line":71,"column":12}},"loc":{"start":{"line":71,"column":40},"end":{"line":74,"column":null}},"line":71},"7":{"name":"POST","decl":{"start":{"line":76,"column":10},"end":{"line":76,"column":15}},"loc":{"start":{"line":76,"column":52},"end":{"line":126,"column":null}},"line":76},"8":{"name":"errorName","decl":{"start":{"line":130,"column":9},"end":{"line":130,"column":19}},"loc":{"start":{"line":130,"column":41},"end":{"line":132,"column":null}},"line":130},"9":{"name":"errorStatus","decl":{"start":{"line":134,"column":9},"end":{"line":134,"column":21}},"loc":{"start":{"line":134,"column":55},"end":{"line":137,"column":null}},"line":134}},"branchMap":{"0":{"loc":{"start":{"line":39,"column":14},"end":{"line":39,"column":null}},"type":"binary-expr","locations":[{"start":{"line":39,"column":14},"end":{"line":39,"column":33}},{"start":{"line":39,"column":19},"end":{"line":39,"column":null}}],"line":39},"1":{"loc":{"start":{"line":40,"column":14},"end":{"line":40,"column":null}},"type":"binary-expr","locations":[{"start":{"line":40,"column":14},"end":{"line":40,"column":28}},{"start":{"line":40,"column":19},"end":{"line":40,"column":null}}],"line":40},"2":{"loc":{"start":{"line":43,"column":4},"end":{"line":43,"column":null}},"type":"if","locations":[{"start":{"line":43,"column":4},"end":{"line":43,"column":null}},{"start":{},"end":{}}],"line":43},"3":{"loc":{"start":{"line":45,"column":6},"end":{"line":45,"column":null}},"type":"cond-expr","locations":[{"start":{"line":45,"column":37},"end":{"line":45,"column":80}},{"start":{"line":45,"column":80},"end":{"line":45,"column":null}}],"line":45},"4":{"loc":{"start":{"line":46,"column":4},"end":{"line":46,"column":null}},"type":"if","locations":[{"start":{"line":46,"column":4},"end":{"line":46,"column":null}},{"start":{},"end":{}}],"line":46},"5":{"loc":{"start":{"line":65,"column":56},"end":{"line":65,"column":107}},"type":"cond-expr","locations":[{"start":{"line":65,"column":66},"end":{"line":65,"column":103}},{"start":{"line":65,"column":103},"end":{"line":65,"column":107}}],"line":65},"6":{"loc":{"start":{"line":73,"column":42},"end":{"line":73,"column":60}},"type":"cond-expr","locations":[{"start":{"line":73,"column":49},"end":{"line":73,"column":55}},{"start":{"line":73,"column":55},"end":{"line":73,"column":60}}],"line":73},"7":{"loc":{"start":{"line":73,"column":69},"end":{"line":73,"column":80}},"type":"binary-expr","locations":[{"start":{"line":73,"column":69},"end":{"line":73,"column":77}},{"start":{"line":73,"column":77},"end":{"line":73,"column":80}}],"line":73},"8":{"loc":{"start":{"line":78,"column":6},"end":{"line":78,"column":null}},"type":"if","locations":[{"start":{"line":78,"column":6},"end":{"line":78,"column":null}},{"start":{},"end":{}}],"line":78},"9":{"loc":{"start":{"line":80,"column":36},"end":{"line":80,"column":78}},"type":"binary-expr","locations":[{"start":{"line":80,"column":36},"end":{"line":80,"column":77}},{"start":{"line":80,"column":77},"end":{"line":80,"column":78}}],"line":80},"10":{"loc":{"start":{"line":81,"column":6},"end":{"line":81,"column":null}},"type":"if","locations":[{"start":{"line":81,"column":6},"end":{"line":81,"column":null}},{"start":{},"end":{}}],"line":81},"11":{"loc":{"start":{"line":83,"column":6},"end":{"line":83,"column":null}},"type":"if","locations":[{"start":{"line":83,"column":6},"end":{"line":83,"column":null}},{"start":{},"end":{}}],"line":83},"12":{"loc":{"start":{"line":93,"column":6},"end":{"line":93,"column":null}},"type":"if","locations":[{"start":{"line":93,"column":6},"end":{"line":93,"column":null}},{"start":{},"end":{}}],"line":93},"13":{"loc":{"start":{"line":93,"column":10},"end":{"line":93,"column":47}},"type":"binary-expr","locations":[{"start":{"line":93,"column":10},"end":{"line":93,"column":27}},{"start":{"line":93,"column":27},"end":{"line":93,"column":47}}],"line":93},"14":{"loc":{"start":{"line":96,"column":17},"end":{"line":96,"column":null}},"type":"binary-expr","locations":[{"start":{"line":96,"column":17},"end":{"line":96,"column":39}},{"start":{"line":96,"column":39},"end":{"line":96,"column":104}},{"start":{"line":96,"column":104},"end":{"line":96,"column":null}}],"line":96},"15":{"loc":{"start":{"line":101,"column":8},"end":{"line":104,"column":null}},"type":"if","locations":[{"start":{"line":101,"column":8},"end":{"line":104,"column":null}},{"start":{},"end":{}}],"line":101},"16":{"loc":{"start":{"line":103,"column":23},"end":{"line":103,"column":64}},"type":"cond-expr","locations":[{"start":{"line":103,"column":53},"end":{"line":103,"column":59}},{"start":{"line":103,"column":59},"end":{"line":103,"column":64}}],"line":103},"17":{"loc":{"start":{"line":114,"column":25},"end":{"line":114,"column":89}},"type":"cond-expr","locations":[{"start":{"line":114,"column":54},"end":{"line":114,"column":70}},{"start":{"line":114,"column":70},"end":{"line":114,"column":89}}],"line":114},"18":{"loc":{"start":{"line":131,"column":9},"end":{"line":131,"column":null}},"type":"cond-expr","locations":[{"start":{"line":131,"column":32},"end":{"line":131,"column":55}},{"start":{"line":131,"column":55},"end":{"line":131,"column":null}}],"line":131},"19":{"loc":{"start":{"line":136,"column":9},"end":{"line":136,"column":null}},"type":"cond-expr","locations":[{"start":{"line":136,"column":38},"end":{"line":136,"column":47}},{"start":{"line":136,"column":47},"end":{"line":136,"column":null}}],"line":136}},"s":{"0":18,"1":2,"2":18,"3":1,"4":24,"5":1,"6":23,"7":24,"8":2,"9":21,"10":21,"11":15,"12":15,"13":18,"14":3,"15":3,"16":21,"17":21,"18":1,"19":20,"20":21,"21":1,"22":19,"23":19,"24":1,"25":18,"26":18,"27":1,"28":17,"29":17,"30":17,"31":3,"32":14,"33":14,"34":21,"35":21,"36":21,"37":12,"38":2,"39":2,"40":10,"41":10,"42":6,"43":6,"44":6,"45":6,"46":4,"47":4,"48":6,"49":6,"50":6,"51":6,"52":6},"f":{"0":18,"1":2,"2":1,"3":24,"4":21,"5":15,"6":3,"7":21,"8":6,"9":6},"b":{"0":[18,2],"1":[18,1],"2":[1,23],"3":[3,20],"4":[2,22],"5":[2,13],"6":[2,1],"7":[3,1],"8":[1,20],"9":[20,19],"10":[1,20],"11":[1,18],"12":[3,14],"13":[17,16],"14":[14,1,1],"15":[2,10],"16":[1,1],"17":[5,1],"18":[6,0],"19":[1,5]},"meta":{"lastBranch":20,"lastFunction":10,"lastStatement":53,"seen":{"f:38:16:38:36":0,"s:39:14:39:Infinity":0,"b:39:14:39:33:39:19:39:Infinity":0,"f:39:19:39:33":1,"s:39:33:39:Infinity":1,"s:40:14:40:Infinity":2,"b:40:14:40:28:40:19:40:Infinity":1,"f:40:19:40:28":2,"s:40:48:40:Infinity":3,"f:42:11:42:23":3,"b:43:4:43:Infinity:undefined:undefined:undefined:undefined":2,"s:43:4:43:Infinity":4,"s:43:25:43:Infinity":5,"s:45:6:45:Infinity":6,"b:45:37:45:80:45:80:45:Infinity":3,"b:46:4:46:Infinity:undefined:undefined:undefined:undefined":4,"s:46:4:46:Infinity":7,"s:46:18:46:Infinity":8,"s:47:4:53:Infinity":9,"f:56:11:56:16":4,"s:57:4:60:Infinity":10,"f:63:11:63:17":5,"s:64:32:66:Infinity":11,"b:65:66:65:103:65:103:65:107":5,"s:67:4:67:Infinity":12,"s:70:2:127:Infinity":13,"f:71:4:71:12":6,"s:72:19:72:Infinity":14,"s:73:6:73:Infinity":15,"b:73:49:73:55:73:55:73:60":6,"b:73:69:73:77:73:77:73:80":7,"f:76:10:76:15":7,"s:77:19:77:Infinity":16,"b:78:6:78:Infinity:undefined:undefined:undefined:undefined":8,"s:78:6:78:Infinity":17,"s:78:25:78:Infinity":18,"s:80:29:80:Infinity":19,"b:80:36:80:77:80:77:80:78":9,"b:81:6:81:Infinity:undefined:undefined:undefined:undefined":10,"s:81:6:81:Infinity":20,"s:81:43:81:Infinity":21,"s:82:18:82:Infinity":22,"b:83:6:83:Infinity:undefined:undefined:undefined:undefined":11,"s:83:6:83:Infinity":23,"s:83:65:83:Infinity":24,"s:86:6:90:Infinity":25,"s:87:8:87:Infinity":26,"s:89:8:89:Infinity":27,"s:91:19:91:Infinity":28,"s:92:24:92:Infinity":29,"b:93:6:93:Infinity:undefined:undefined:undefined:undefined":12,"s:93:6:93:Infinity":30,"b:93:10:93:27:93:27:93:47":13,"s:93:47:93:Infinity":31,"s:95:19:95:Infinity":32,"s:96:17:96:Infinity":33,"b:96:17:96:39:96:39:96:104:96:104:96:Infinity":14,"s:98:6:125:Infinity":34,"s:99:23:99:Infinity":35,"s:100:28:100:Infinity":36,"b:101:8:104:Infinity:undefined:undefined:undefined:undefined":15,"s:101:8:104:Infinity":37,"s:102:10:102:Infinity":38,"s:103:10:103:Infinity":39,"b:103:53:103:59:103:59:103:64":16,"s:106:8:121:Infinity":40,"s:107:25:110:Infinity":41,"s:111:27:111:Infinity":42,"s:112:10:115:Infinity":43,"b:114:54:114:70:114:70:114:89":17,"s:116:10:116:Infinity":44,"s:117:10:117:Infinity":45,"s:119:10:119:Infinity":46,"s:120:10:120:Infinity":47,"s:123:8:123:Infinity":48,"s:124:8:124:Infinity":49,"f:130:9:130:19":8,"s:131:2:131:Infinity":50,"b:131:32:131:55:131:55:131:Infinity":18,"f:134:9:134:21":9,"s:135:18:135:Infinity":51,"s:136:2:136:Infinity":52,"b:136:38:136:47:136:47:136:Infinity":19},"fnNames":{}}}
,"/Users/jbethuel/Documents/personal/shouldi/apps/api/lib/jev.ts": {"path":"/Users/jbethuel/Documents/personal/shouldi/apps/api/lib/jev.ts","statementMap":{"0":{"start":{"line":7,"column":17},"end":{"line":15,"column":null}},"1":{"start":{"line":17,"column":2},"end":{"line":25,"column":null}},"2":{"start":{"line":19,"column":21},"end":{"line":22,"column":null}},"3":{"start":{"line":23,"column":6},"end":{"line":23,"column":null}}},"fnMap":{"0":{"name":"createJev","decl":{"start":{"line":6,"column":16},"end":{"line":6,"column":26}},"loc":{"start":{"line":6,"column":95},"end":{"line":26,"column":null}},"line":6},"1":{"name":"assess","decl":{"start":{"line":18,"column":10},"end":{"line":18,"column":17}},"loc":{"start":{"line":18,"column":24},"end":{"line":24,"column":null}},"line":18}},"branchMap":{"0":{"loc":{"start":{"line":6,"column":57},"end":{"line":6,"column":95}},"type":"default-arg","locations":[{"start":{"line":6,"column":86},"end":{"line":6,"column":95}}],"line":6}},"s":{"0":5,"1":5,"2":6,"3":3},"f":{"0":5,"1":6},"b":{"0":[5]},"meta":{"lastBranch":1,"lastFunction":2,"lastStatement":4,"seen":{"f:6:16:6:26":0,"b:6:86:6:95":0,"s:7:17:15:Infinity":0,"s:17:2:25:Infinity":1,"f:18:10:18:17":1,"s:19:21:22:Infinity":2,"s:23:6:23:Infinity":3},"fnNames":{}}}
,"/Users/jbethuel/Documents/personal/shouldi/apps/api/lib/limits.ts": {"path":"/Users/jbethuel/Documents/personal/shouldi/apps/api/lib/limits.ts","statementMap":{"0":{"start":{"line":14,"column":2},"end":{"line":28,"column":null}},"1":{"start":{"line":16,"column":22},"end":{"line":16,"column":null}},"2":{"start":{"line":17,"column":6},"end":{"line":17,"column":null}},"3":{"start":{"line":20,"column":6},"end":{"line":20,"column":null}},"4":{"start":{"line":23,"column":6},"end":{"line":23,"column":null}},"5":{"start":{"line":26,"column":6},"end":{"line":26,"column":null}},"6":{"start":{"line":47,"column":20},"end":{"line":47,"column":null}},"7":{"start":{"line":50,"column":2},"end":{"line":50,"column":null}},"8":{"start":{"line":54,"column":2},"end":{"line":54,"column":null}},"9":{"start":{"line":59,"column":2},"end":{"line":59,"column":null}},"10":{"start":{"line":63,"column":8},"end":{"line":63,"column":null}},"11":{"start":{"line":63,"column":34},"end":{"line":63,"column":null}},"12":{"start":{"line":64,"column":8},"end":{"line":65,"column":null}},"13":{"start":{"line":65,"column":4},"end":{"line":65,"column":null}},"14":{"start":{"line":67,"column":2},"end":{"line":97,"column":null}},"15":{"start":{"line":70,"column":18},"end":{"line":70,"column":null}},"16":{"start":{"line":71,"column":22},"end":{"line":71,"column":null}},"17":{"start":{"line":73,"column":25},"end":{"line":73,"column":null}},"18":{"start":{"line":74,"column":6},"end":{"line":76,"column":null}},"19":{"start":{"line":75,"column":8},"end":{"line":75,"column":null}},"20":{"start":{"line":79,"column":23},"end":{"line":79,"column":null}},"21":{"start":{"line":80,"column":20},"end":{"line":80,"column":null}},"22":{"start":{"line":81,"column":20},"end":{"line":81,"column":null}},"23":{"start":{"line":82,"column":33},"end":{"line":82,"column":null}},"24":{"start":{"line":83,"column":22},"end":{"line":85,"column":null}},"25":{"start":{"line":84,"column":8},"end":{"line":84,"column":null}},"26":{"start":{"line":87,"column":6},"end":{"line":90,"column":null}},"27":{"start":{"line":88,"column":8},"end":{"line":88,"column":null}},"28":{"start":{"line":89,"column":8},"end":{"line":89,"column":null}},"29":{"start":{"line":91,"column":6},"end":{"line":91,"column":null}},"30":{"start":{"line":95,"column":6},"end":{"line":95,"column":null}}},"fnMap":{"0":{"name":"upstashStore","decl":{"start":{"line":13,"column":16},"end":{"line":13,"column":29}},"loc":{"start":{"line":13,"column":57},"end":{"line":29,"column":null}},"line":13},"1":{"name":"incr","decl":{"start":{"line":15,"column":10},"end":{"line":15,"column":15}},"loc":{"start":{"line":15,"column":33},"end":{"line":18,"column":null}},"line":15},"2":{"name":"decr","decl":{"start":{"line":19,"column":10},"end":{"line":19,"column":15}},"loc":{"start":{"line":19,"column":20},"end":{"line":21,"column":null}},"line":19},"3":{"name":"hincrby","decl":{"start":{"line":22,"column":10},"end":{"line":22,"column":18}},"loc":{"start":{"line":22,"column":47},"end":{"line":24,"column":null}},"line":22},"4":{"name":"hget","decl":{"start":{"line":25,"column":10},"end":{"line":25,"column":15}},"loc":{"start":{"line":25,"column":27},"end":{"line":27,"column":null}},"line":25},"5":{"name":"utcDay","decl":{"start":{"line":49,"column":16},"end":{"line":49,"column":23}},"loc":{"start":{"line":49,"column":42},"end":{"line":51,"column":null}},"line":49},"6":{"name":"nextUtcMidnight","decl":{"start":{"line":53,"column":16},"end":{"line":53,"column":32}},"loc":{"start":{"line":53,"column":49},"end":{"line":55,"column":null}},"line":53},"7":{"name":"hashIp","decl":{"start":{"line":58,"column":16},"end":{"line":58,"column":23}},"loc":{"start":{"line":58,"column":72},"end":{"line":60,"column":null}},"line":58},"8":{"name":"createLimits","decl":{"start":{"line":62,"column":16},"end":{"line":62,"column":29}},"loc":{"start":{"line":62,"column":71},"end":{"line":98,"column":null}},"line":62},"9":{"name":"(anonymous_9)","decl":{"start":{"line":63,"column":8},"end":{"line":63,"column":20}},"loc":{"start":{"line":63,"column":34},"end":{"line":63,"column":null}},"line":63},"10":{"name":"(anonymous_10)","decl":{"start":{"line":64,"column":8},"end":{"line":64,"column":23}},"loc":{"start":{"line":65,"column":4},"end":{"line":65,"column":null}},"line":65},"11":{"name":"reserve","decl":{"start":{"line":69,"column":10},"end":{"line":69,"column":18}},"loc":{"start":{"line":69,"column":86},"end":{"line":92,"column":null}},"line":69},"12":{"name":"(anonymous_12)","decl":{"start":{"line":83,"column":22},"end":{"line":83,"column":34}},"loc":{"start":{"line":83,"column":34},"end":{"line":85,"column":null}},"line":83},"13":{"name":"count","decl":{"start":{"line":94,"column":10},"end":{"line":94,"column":16}},"loc":{"start":{"line":94,"column":68},"end":{"line":96,"column":null}},"line":94}},"branchMap":{"0":{"loc":{"start":{"line":26,"column":21},"end":{"line":26,"column":72}},"type":"binary-expr","locations":[{"start":{"line":26,"column":21},"end":{"line":26,"column":71}},{"start":{"line":26,"column":71},"end":{"line":26,"column":72}}],"line":26},"1":{"loc":{"start":{"line":74,"column":6},"end":{"line":76,"column":null}},"type":"if","locations":[{"start":{"line":74,"column":6},"end":{"line":76,"column":null}},{"start":{},"end":{}}],"line":74},"2":{"loc":{"start":{"line":87,"column":6},"end":{"line":90,"column":null}},"type":"if","locations":[{"start":{"line":87,"column":6},"end":{"line":90,"column":null}},{"start":{},"end":{}}],"line":87},"3":{"loc":{"start":{"line":87,"column":10},"end":{"line":87,"column":77}},"type":"binary-expr","locations":[{"start":{"line":87,"column":10},"end":{"line":87,"column":47}},{"start":{"line":87,"column":47},"end":{"line":87,"column":77}}],"line":87},"4":{"loc":{"start":{"line":94,"column":45},"end":{"line":94,"column":68}},"type":"default-arg","locations":[{"start":{"line":94,"column":50},"end":{"line":94,"column":68}}],"line":94}},"s":{"0":6,"1":1,"2":1,"3":1,"4":1,"5":3,"6":4,"7":86,"8":48,"9":14,"10":22,"11":47,"12":22,"13":20,"14":22,"15":27,"16":27,"17":27,"18":27,"19":2,"20":25,"21":25,"22":25,"23":25,"24":25,"25":9,"26":25,"27":4,"28":4,"29":21,"30":20},"f":{"0":6,"1":1,"2":1,"3":1,"4":3,"5":86,"6":48,"7":14,"8":22,"9":47,"10":20,"11":27,"12":9,"13":20},"b":{"0":[3,1],"1":[2,25],"2":[4,21],"3":[25,22],"4":[20]},"meta":{"lastBranch":5,"lastFunction":14,"lastStatement":31,"seen":{"f:13:16:13:29":0,"s:14:2:28:Infinity":0,"f:15:10:15:15":1,"s:16:22:16:Infinity":1,"s:17:6:17:Infinity":2,"f:19:10:19:15":2,"s:20:6:20:Infinity":3,"f:22:10:22:18":3,"s:23:6:23:Infinity":4,"f:25:10:25:15":4,"s:26:6:26:Infinity":5,"b:26:21:26:71:26:71:26:72":0,"s:47:20:47:Infinity":6,"f:49:16:49:23":5,"s:50:2:50:Infinity":7,"f:53:16:53:32":6,"s:54:2:54:Infinity":8,"f:58:16:58:23":7,"s:59:2:59:Infinity":9,"f:62:16:62:29":8,"s:63:8:63:Infinity":10,"f:63:8:63:20":9,"s:63:34:63:Infinity":11,"s:64:8:65:Infinity":12,"f:64:8:64:23":10,"s:65:4:65:Infinity":13,"s:67:2:97:Infinity":14,"f:69:10:69:18":11,"s:70:18:70:Infinity":15,"s:71:22:71:Infinity":16,"s:73:25:73:Infinity":17,"b:74:6:76:Infinity:undefined:undefined:undefined:undefined":1,"s:74:6:76:Infinity":18,"s:75:8:75:Infinity":19,"s:79:23:79:Infinity":20,"s:80:20:80:Infinity":21,"s:81:20:81:Infinity":22,"s:82:33:82:Infinity":23,"s:83:22:85:Infinity":24,"f:83:22:83:34":12,"s:84:8:84:Infinity":25,"b:87:6:90:Infinity:undefined:undefined:undefined:undefined":2,"s:87:6:90:Infinity":26,"b:87:10:87:47:87:47:87:77":3,"s:88:8:88:Infinity":27,"s:89:8:89:Infinity":28,"s:91:6:91:Infinity":29,"f:94:10:94:16":13,"b:94:50:94:68":4,"s:95:6:95:Infinity":30},"fnNames":{}}}
,"/Users/jbethuel/Documents/personal/shouldi/apps/api/lib/questions.ts": {"path":"/Users/jbethuel/Documents/personal/shouldi/apps/api/lib/questions.ts","statementMap":{"0":{"start":{"line":6,"column":25},"end":{"line":71,"column":null}}},"fnMap":{},"branchMap":{},"s":{"0":3},"f":{},"b":{},"meta":{"lastBranch":0,"lastFunction":0,"lastStatement":1,"seen":{"s:6:25:71:Infinity":0},"fnNames":{}}}
,"/Users/jbethuel/Documents/personal/shouldi/apps/api/test/memory-store.ts": {"path":"/Users/jbethuel/Documents/personal/shouldi/apps/api/test/memory-store.ts","statementMap":{"0":{"start":{"line":5,"column":17},"end":{"line":5,"column":null}},"1":{"start":{"line":6,"column":17},"end":{"line":6,"column":null}},"2":{"start":{"line":7,"column":19},"end":{"line":7,"column":null}},"3":{"start":{"line":9,"column":30},"end":{"line":28,"column":null}},"4":{"start":{"line":11,"column":12},"end":{"line":11,"column":null}},"5":{"start":{"line":12,"column":6},"end":{"line":12,"column":null}},"6":{"start":{"line":13,"column":6},"end":{"line":13,"column":null}},"7":{"start":{"line":14,"column":6},"end":{"line":14,"column":null}},"8":{"start":{"line":17,"column":6},"end":{"line":17,"column":null}},"9":{"start":{"line":20,"column":19},"end":{"line":20,"column":null}},"10":{"start":{"line":21,"column":6},"end":{"line":21,"column":null}},"11":{"start":{"line":22,"column":6},"end":{"line":22,"column":null}},"12":{"start":{"line":23,"column":6},"end":{"line":23,"column":null}},"13":{"start":{"line":26,"column":6},"end":{"line":26,"column":null}},"14":{"start":{"line":30,"column":2},"end":{"line":30,"column":null}}},"fnMap":{"0":{"name":"memoryStore","decl":{"start":{"line":4,"column":16},"end":{"line":4,"column":30}},"loc":{"start":{"line":4,"column":30},"end":{"line":31,"column":null}},"line":4},"1":{"name":"incr","decl":{"start":{"line":10,"column":10},"end":{"line":10,"column":15}},"loc":{"start":{"line":10,"column":33},"end":{"line":15,"column":null}},"line":10},"2":{"name":"decr","decl":{"start":{"line":16,"column":10},"end":{"line":16,"column":15}},"loc":{"start":{"line":16,"column":20},"end":{"line":18,"column":null}},"line":16},"3":{"name":"hincrby","decl":{"start":{"line":19,"column":10},"end":{"line":19,"column":18}},"loc":{"start":{"line":19,"column":47},"end":{"line":24,"column":null}},"line":19},"4":{"name":"hget","decl":{"start":{"line":25,"column":10},"end":{"line":25,"column":15}},"loc":{"start":{"line":25,"column":27},"end":{"line":27,"column":null}},"line":25}},"branchMap":{"0":{"loc":{"start":{"line":11,"column":20},"end":{"line":11,"column":44}},"type":"binary-expr","locations":[{"start":{"line":11,"column":20},"end":{"line":11,"column":39}},{"start":{"line":11,"column":39},"end":{"line":11,"column":44}}],"line":11},"1":{"loc":{"start":{"line":17,"column":23},"end":{"line":17,"column":47}},"type":"binary-expr","locations":[{"start":{"line":17,"column":23},"end":{"line":17,"column":42}},{"start":{"line":17,"column":42},"end":{"line":17,"column":47}}],"line":17},"2":{"loc":{"start":{"line":20,"column":19},"end":{"line":20,"column":null}},"type":"binary-expr","locations":[{"start":{"line":20,"column":19},"end":{"line":20,"column":38}},{"start":{"line":20,"column":38},"end":{"line":20,"column":null}}],"line":20},"3":{"loc":{"start":{"line":21,"column":23},"end":{"line":21,"column":47}},"type":"binary-expr","locations":[{"start":{"line":21,"column":23},"end":{"line":21,"column":42}},{"start":{"line":21,"column":42},"end":{"line":21,"column":47}}],"line":21},"4":{"loc":{"start":{"line":26,"column":13},"end":{"line":26,"column":null}},"type":"binary-expr","locations":[{"start":{"line":26,"column":13},"end":{"line":26,"column":44}},{"start":{"line":26,"column":44},"end":{"line":26,"column":null}}],"line":26}},"s":{"0":22,"1":22,"2":22,"3":22,"4":50,"5":50,"6":50,"7":50,"8":18,"9":20,"10":20,"11":20,"12":20,"13":27,"14":22},"f":{"0":22,"1":50,"2":18,"3":20,"4":27},"b":{"0":[50,31],"1":[18,0],"2":[20,11],"3":[20,19],"4":[27,24]},"meta":{"lastBranch":5,"lastFunction":5,"lastStatement":15,"seen":{"f:4:16:4:30":0,"s:5:17:5:Infinity":0,"s:6:17:6:Infinity":1,"s:7:19:7:Infinity":2,"s:9:30:28:Infinity":3,"f:10:10:10:15":1,"s:11:12:11:Infinity":4,"b:11:20:11:39:11:39:11:44":0,"s:12:6:12:Infinity":5,"s:13:6:13:Infinity":6,"s:14:6:14:Infinity":7,"f:16:10:16:15":2,"s:17:6:17:Infinity":8,"b:17:23:17:42:17:42:17:47":1,"f:19:10:19:18":3,"s:20:19:20:Infinity":9,"b:20:19:20:38:20:38:20:Infinity":2,"s:21:6:21:Infinity":10,"b:21:23:21:42:21:42:21:47":3,"s:22:6:22:Infinity":11,"s:23:6:23:Infinity":12,"f:25:10:25:15":4,"s:26:6:26:Infinity":13,"b:26:13:26:44:26:44:26:Infinity":4,"s:30:2:30:Infinity":14},"fnNames":{}}}
}
